# vsim -suppress 12110 -sv_seed 601000 -coverage -coveranalysis -debugDB -l div_cnt_down_601000.log -voptargs="+acc" -assertdebug -c testbench -do "coverage save -codeAll -cvg -onexit div_cnt_down.ucdb; log -r /*;run -all;" "+TESTNAME=div_cnt_down" 
# Start time: 12:10:29 on Jun 14,2026
# ** Warning: (vsim-8891) All optimizations are disabled because the -novopt option is in effect. This will cause your simulation to run very slowly. If you are using this switch to preserve visibility for Debug or PLI features, please see the User's Manual section on Preserving Object Visibility with vopt. -novopt option is now deprecated and will be removed in future releases.
# //  Questa Sim-64
# //  Version 10.7c win64 Aug 18 2018
# //
# //  Copyright 1991-2018 Mentor Graphics Corporation
# //  All Rights Reserved.
# //
# //  QuestaSim and its associated documentation contain trade
# //  secrets and commercial or financial information that are the property of
# //  Mentor Graphics Corporation and are privileged, confidential,
# //  and exempt from disclosure under the Freedom of Information Act,
# //  5 U.S.C. Section 552. Furthermore, this information
# //  is prohibited from disclosure under the Trade Secrets Act,
# //  18 U.S.C. Section 1905.
# //
# Loading sv_std.std
# Loading work.dut_if
# Loading work.timer_pkg
# Loading work.test_pkg
# Loading work.testbench
# Loading work.timer_top
# Loading work.APB_SLAVE
# Loading work.TCR
# Loading work.TSR
# Loading work.TDR
# Loading work.TIE
# Loading work.CLK_DIV
# Loading work.COUNTER
# Loading work.INTERRUPT
# ** Warning: (vsim-3839) Variable '/testbench/d_if/pslverr', driven via a port connection, is multiply driven. See ../tb/testbench.sv(9).
#    Time: 0 ps  Iteration: 0  Instance: /testbench/d_if File: ../tb/dut_interface.sv Line: 27
# ** Warning: (vsim-3839) Variable '/testbench/d_if/int_signal', driven via a port connection, is multiply driven. See ../tb/testbench.sv(9).
#    Time: 0 ps  Iteration: 0  Instance: /testbench/d_if File: ../tb/dut_interface.sv Line: 26
# ** Warning: (vsim-3839) Variable '/testbench/d_if/prdata', driven via a port connection, is multiply driven. See ../tb/testbench.sv(9).
#    Time: 0 ps  Iteration: 0  Instance: /testbench/d_if File: ../tb/dut_interface.sv Line: 25
# ** Warning: (vsim-3839) Variable '/testbench/d_if/pready', driven via a port connection, is multiply driven. See ../tb/testbench.sv(9).
#    Time: 0 ps  Iteration: 0  Instance: /testbench/d_if File: ../tb/dut_interface.sv Line: 24
# ** Note: (vsim-8900) Creating design debug database vsim.dbg.
# It appears vopt was not run with -debugdb option on this design.
# Advanced Causality and Schematic debug features will not be available.
# coverage save -codeAll -cvg -onexit div_cnt_down.ucdb
#  log -r /*
# run -all
# testname provided: div_cnt_down
# 101000: [ENV] Build environment
# 101000: [ENV] Start running environment
# 101000: [STIMULUS] Start running STIMULUS
# 101000: [SCOREBOARD] Start running SCOREBOARD
# ================================
# ==TEST 1: COUNTDOWN - NO DIV ===
# ================================
# 101040: [BASE] Start calling write task
# 101040: [BASE] Start sending packet
# 101040: [STIMULUS] Sent packet to driver
# 101040: [DRIVER] Start getting packet from STIMULUS
# 170001: [BASE] Done write task
# 170001: [BASE] Start calling write task
# 170001: [BASE] Start sending packet
# 170002: [STIMULUS] Sent packet to driver
# 170002: [DRIVER] Start getting packet from STIMULUS
# 250001: [BASE] Done write task
# 250001: [BASE] Start calling write task
# 250001: [BASE] Start sending packet
# 250002: [STIMULUS] Sent packet to driver
# 250002: [DRIVER] Start getting packet from STIMULUS
# 330001: [BASE] Done write task
# 330101: [BASE] Start calling write task
# 330101: [BASE] Start sending packet
# 330101: [STIMULUS] Sent packet to driver
# 330101: [DRIVER] Start getting packet from STIMULUS
# 410001: [BASE] Done write task
# 415000: [div_cnt_down] TEST1: Started counting DOWN from 0xFF with no divide at t1=415000
# 1710000: [div_cnt_down] TEST1: Underflow interrupt detected at t2=1710000
# 1710000: [div_cnt_down] PASS TEST 1: Counter interrupt timing is correct (delta=1295000 ps)
# 1710000: [BASE] Start calling write task
# 1710000: [BASE] Start sending packet
# 1710000: [STIMULUS] Sent packet to driver
# 1710000: [DRIVER] Start getting packet from STIMULUS
# 1790001: [BASE] Done write task
# ================================
# ==TEST 2: COUNTDOWN - DIV BY 2 =
# ================================
# 1790041: [BASE] Start calling write task
# 1790041: [BASE] Start sending packet
# 1790041: [STIMULUS] Sent packet to driver
# 1790041: [DRIVER] Start getting packet from STIMULUS
# 1870001: [BASE] Done write task
# 1870001: [BASE] Start calling write task
# 1870001: [BASE] Start sending packet
# 1870002: [STIMULUS] Sent packet to driver
# 1870002: [DRIVER] Start getting packet from STIMULUS
# 1950001: [BASE] Done write task
# 1950001: [BASE] Start calling write task
# 1950001: [BASE] Start sending packet
# 1950002: [STIMULUS] Sent packet to driver
# 1950002: [DRIVER] Start getting packet from STIMULUS
# 2030001: [BASE] Done write task
# 2030101: [BASE] Start calling write task
# 2030101: [BASE] Start sending packet
# 2030101: [STIMULUS] Sent packet to driver
# 2030101: [DRIVER] Start getting packet from STIMULUS
# 2110001: [BASE] Done write task
# 2115000: [div_cnt_down] TEST2: Started counting DOWN from 0xFF with divide by 2 at t1=2115000
# 4690000: [div_cnt_down] TEST2: Underflow interrupt detected at t2=4690000
# 4690000: [div_cnt_down] PASS TEST 2: Counter interrupt timing is correct (delta=2575000 ps)
# 4690000: [BASE] Start calling write task
# 4690000: [BASE] Start sending packet
# 4690000: [STIMULUS] Sent packet to driver
# 4690000: [DRIVER] Start getting packet from STIMULUS
# 4770001: [BASE] Done write task
# ================================
# ==TEST 3: COUNTDOWN - DIV BY 4 =
# ================================
# 4770041: [BASE] Start calling write task
# 4770041: [BASE] Start sending packet
# 4770041: [STIMULUS] Sent packet to driver
# 4770041: [DRIVER] Start getting packet from STIMULUS
# 4850001: [BASE] Done write task
# 4850001: [BASE] Start calling write task
# 4850001: [BASE] Start sending packet
# 4850002: [STIMULUS] Sent packet to driver
# 4850002: [DRIVER] Start getting packet from STIMULUS
# 4930001: [BASE] Done write task
# 4930001: [BASE] Start calling write task
# 4930001: [BASE] Start sending packet
# 4930002: [STIMULUS] Sent packet to driver
# 4930002: [DRIVER] Start getting packet from STIMULUS
# 5010001: [BASE] Done write task
# 5010101: [BASE] Start calling write task
# 5010101: [BASE] Start sending packet
# 5010101: [STIMULUS] Sent packet to driver
# 5010101: [DRIVER] Start getting packet from STIMULUS
# 5090001: [BASE] Done write task
# 5095000: [div_cnt_down] TEST3: Started counting DOWN from 0xFF with divide by 4 at t1=5095000
# 10230000: [div_cnt_down] TEST3: Underflow interrupt detected at t2=10230000
# 10230000: [div_cnt_down] PASS TEST 3: Counter interrupt timing is correct (delta=5135000 ps)
# 10230000: [BASE] Start calling write task
# 10230000: [BASE] Start sending packet
# 10230000: [STIMULUS] Sent packet to driver
# 10230000: [DRIVER] Start getting packet from STIMULUS
# 10310001: [BASE] Done write task
# ================================
# ==TEST 4: COUNTDOWN - DIV BY 8 =
# ================================
# 10310041: [BASE] Start calling write task
# 10310041: [BASE] Start sending packet
# 10310041: [STIMULUS] Sent packet to driver
# 10310041: [DRIVER] Start getting packet from STIMULUS
# 10390001: [BASE] Done write task
# 10390001: [BASE] Start calling write task
# 10390001: [BASE] Start sending packet
# 10390002: [STIMULUS] Sent packet to driver
# 10390002: [DRIVER] Start getting packet from STIMULUS
# 10470001: [BASE] Done write task
# 10470001: [BASE] Start calling write task
# 10470001: [BASE] Start sending packet
# 10470002: [STIMULUS] Sent packet to driver
# 10470002: [DRIVER] Start getting packet from STIMULUS
# 10550001: [BASE] Done write task
# 10550101: [BASE] Start calling write task
# 10550101: [BASE] Start sending packet
# 10550101: [STIMULUS] Sent packet to driver
# 10550101: [DRIVER] Start getting packet from STIMULUS
# 10630001: [BASE] Done write task
# 10635000: [div_cnt_down] TEST4: Started counting DOWN from 0xFF with divide by 8 at t1=10635000
# 20890000: [div_cnt_down] TEST4: Underflow interrupt detected at t2=20890000
# 20890000: [div_cnt_down] PASS TEST 4: Counter interrupt timing is correct (delta=10255000 ps)
# 20890000: [BASE] Start calling write task
# 20890000: [BASE] Start sending packet
# 20890000: [STIMULUS] Sent packet to driver
# 20890000: [DRIVER] Start getting packet from STIMULUS
# 20970001: [BASE] Done write task
# 1000101000: [TEST RESULT] TEST PASSED - All 4 tests passed
# 1000101000: [base_test] End simulation
# ** Note: $finish    : ../testcase/base_test.sv(35)
#    Time: 1000101 ns  Iteration: 0  Instance: /testbench
# Saving coverage database on exit...
# End time: 12:10:31 on Jun 14,2026, Elapsed time: 0:00:02
# Errors: 0, Warnings: 5
