# vsim -sv_seed 1 -coverage -coveranalysis -debugDB -l init_chk_1.log -voptargs="+acc" -assertdebug -c testbench -do "coverage save -codeAll -cvg -onexit init_chk.ucdb; log -r /*;run -all;" "+TESTNAME=init_chk" 
# Start time: 12:31:19 on Jun 13,2026
# ** Note: (vsim-3813) Design is being optimized due to module recompilation...
# ** Note: (vsim-8611) Generating debug db.
# //  Questa Sim-64
# //  Version 10.7c win64 Aug 18 2018
# //
# //  Copyright 1991-2018 Mentor Graphics Corporation
# //  All Rights Reserved.
# //
# //  QuestaSim and its associated documentation contain trade
# //  secrets and commercial or financial information that are the property of
# //  Mentor Graphics Corporation and are privileged, confidential,
# //  and exempt from disclosure under the Freedom of Information Act,
# //  5 U.S.C. Section 552. Furthermore, this information
# //  is prohibited from disclosure under the Trade Secrets Act,
# //  18 U.S.C. Section 1905.
# //
# Loading sv_std.std
# Loading work.dut_if(fast)
# Loading work.timer_pkg(fast)
# Loading work.test_pkg(fast)
# Loading work.testbench(fast)
# Loading work.dut_if(fast)
# Loading work.timer_top(fast)
# Loading work.APB_SLAVE(fast)
# Loading work.TCR(fast)
# Loading work.TSR(fast)
# Loading work.TDR(fast)
# Loading work.TIE(fast)
# Loading work.CLK_DIV(fast)
# Loading work.COUNTER(fast)
# Loading work.INTERRUPT(fast)
# ** Warning: (vsim-3839) Variable '/testbench/d_if/pslverr', driven via a port connection, is multiply driven. See ../tb/testbench.sv(9).
#    Time: 0 ps  Iteration: 0  Instance: /testbench/d_if File: ../tb/dut_interface.sv Line: 27
# ** Warning: (vsim-3839) Variable '/testbench/d_if/int_signal', driven via a port connection, is multiply driven. See ../tb/testbench.sv(9).
#    Time: 0 ps  Iteration: 0  Instance: /testbench/d_if File: ../tb/dut_interface.sv Line: 26
# ** Warning: (vsim-3839) Variable '/testbench/d_if/prdata', driven via a port connection, is multiply driven. See ../tb/testbench.sv(9).
#    Time: 0 ps  Iteration: 0  Instance: /testbench/d_if File: ../tb/dut_interface.sv Line: 25
# ** Warning: (vsim-3839) Variable '/testbench/d_if/pready', driven via a port connection, is multiply driven. See ../tb/testbench.sv(9).
#    Time: 0 ps  Iteration: 0  Instance: /testbench/d_if File: ../tb/dut_interface.sv Line: 24
# ** Note: (vsim-8900) Creating design debug database vsim.dbg.
# coverage save -codeAll -cvg -onexit init_chk.ucdb
#  log -r /*
# run -all
# testname provided: init_chk
# 101000: [ENV] Build environment
# 101000: [ENV] Start running environment
# 101000: [STIMULUS] Start running STIMULUS
# 101000: [SCOREBOARD] Start running SCOREBOARD
# ===========================
# =======INITIAL CHECK=======
# ===========================
# 101040: [BASE] Start calling read task
# 101040: [BASE] Start sending packet
# 101040: [STIMULUS] Sent packet to driver
# 101040: [DRIVER] Start getting packet from STIMULUS
# 170001: [BASE] Done read task
# 170001: [COMPARATOR] PASS at 0
# 170001: [BASE] Start calling read task
# 170001: [BASE] Start sending packet
# 170002: [STIMULUS] Sent packet to driver
# 170002: [DRIVER] Start getting packet from STIMULUS
# 250001: [BASE] Done read task
# 250001: [COMPARATOR] PASS at 1
# 250001: [BASE] Start calling read task
# 250001: [BASE] Start sending packet
# 250002: [STIMULUS] Sent packet to driver
# 250002: [DRIVER] Start getting packet from STIMULUS
# 330001: [BASE] Done read task
# 330001: [COMPARATOR] PASS at 2
# 330001: [BASE] Start calling read task
# 330001: [BASE] Start sending packet
# 330002: [STIMULUS] Sent packet to driver
# 330002: [DRIVER] Start getting packet from STIMULUS
# 410001: [BASE] Done read task
# 410001: [COMPARATOR] PASS at 3
# 1000101000: [TEST RESULT] TEST PASSED - All 4 tests passed
# 1000101000: [base_test] End simulation
# ** Note: $finish    : ../testcase/base_test.sv(35)
#    Time: 1000101 ns  Iteration: 0  Instance: /testbench
# Saving coverage database on exit...
# End time: 12:31:21 on Jun 13,2026, Elapsed time: 0:00:02
# Errors: 0, Warnings: 4
