# vsim -suppress 12110 -sv_seed 361292 -coverage -coveranalysis -debugDB -l ld_cnt_361292.log -voptargs="+acc" -assertdebug -c testbench -do "coverage save -codeAll -cvg -onexit ld_cnt.ucdb; log -r /*;run -all;" "+TESTNAME=ld_cnt" 
# Start time: 12:10:26 on Jun 14,2026
# ** Warning: (vsim-8891) All optimizations are disabled because the -novopt option is in effect. This will cause your simulation to run very slowly. If you are using this switch to preserve visibility for Debug or PLI features, please see the User's Manual section on Preserving Object Visibility with vopt. -novopt option is now deprecated and will be removed in future releases.
# //  Questa Sim-64
# //  Version 10.7c win64 Aug 18 2018
# //
# //  Copyright 1991-2018 Mentor Graphics Corporation
# //  All Rights Reserved.
# //
# //  QuestaSim and its associated documentation contain trade
# //  secrets and commercial or financial information that are the property of
# //  Mentor Graphics Corporation and are privileged, confidential,
# //  and exempt from disclosure under the Freedom of Information Act,
# //  5 U.S.C. Section 552. Furthermore, this information
# //  is prohibited from disclosure under the Trade Secrets Act,
# //  18 U.S.C. Section 1905.
# //
# Loading sv_std.std
# Loading work.dut_if
# Loading work.timer_pkg
# Loading work.test_pkg
# Loading work.testbench
# Loading work.timer_top
# Loading work.APB_SLAVE
# Loading work.TCR
# Loading work.TSR
# Loading work.TDR
# Loading work.TIE
# Loading work.CLK_DIV
# Loading work.COUNTER
# Loading work.INTERRUPT
# ** Warning: (vsim-3839) Variable '/testbench/d_if/pslverr', driven via a port connection, is multiply driven. See ../tb/testbench.sv(9).
#    Time: 0 ps  Iteration: 0  Instance: /testbench/d_if File: ../tb/dut_interface.sv Line: 27
# ** Warning: (vsim-3839) Variable '/testbench/d_if/int_signal', driven via a port connection, is multiply driven. See ../tb/testbench.sv(9).
#    Time: 0 ps  Iteration: 0  Instance: /testbench/d_if File: ../tb/dut_interface.sv Line: 26
# ** Warning: (vsim-3839) Variable '/testbench/d_if/prdata', driven via a port connection, is multiply driven. See ../tb/testbench.sv(9).
#    Time: 0 ps  Iteration: 0  Instance: /testbench/d_if File: ../tb/dut_interface.sv Line: 25
# ** Warning: (vsim-3839) Variable '/testbench/d_if/pready', driven via a port connection, is multiply driven. See ../tb/testbench.sv(9).
#    Time: 0 ps  Iteration: 0  Instance: /testbench/d_if File: ../tb/dut_interface.sv Line: 24
# ** Note: (vsim-8900) Creating design debug database vsim.dbg.
# It appears vopt was not run with -debugdb option on this design.
# Advanced Causality and Schematic debug features will not be available.
# coverage save -codeAll -cvg -onexit ld_cnt.ucdb
#  log -r /*
# run -all
# testname provided: ld_cnt
# 101000: [ENV] Build environment
# 101000: [ENV] Start running environment
# 101000: [STIMULUS] Start running STIMULUS
# 101000: [SCOREBOARD] Start running SCOREBOARD
# ============================
# =====Load Count CHECK======
# ============================
# 101020: [BASE] Start calling write task
# 101020: [BASE] Start sending packet
# 101020: [STIMULUS] Sent packet to driver
# 101020: [DRIVER] Start getting packet from STIMULUS
# 170001: [BASE] Done write task
# 170001: [BASE] Start calling write task
# 170001: [BASE] Start sending packet
# 170002: [STIMULUS] Sent packet to driver
# 170002: [DRIVER] Start getting packet from STIMULUS
# 250001: [BASE] Done write task
# 250001: [BASE] Start calling write task
# 250001: [BASE] Start sending packet
# 250002: [STIMULUS] Sent packet to driver
# 250002: [DRIVER] Start getting packet from STIMULUS
# 330001: [BASE] Done write task
# 330101: [BASE] Start calling write task
# 330101: [BASE] Start sending packet
# 330101: [STIMULUS] Sent packet to driver
# 330101: [DRIVER] Start getting packet from STIMULUS
# 410001: [BASE] Done write task
# 415000: [ld_cnt] Counter loaded with 0xF0(240), timing started at t1=415000
# 510000: [ld_cnt] Overflow interrupt detected at t2=510000, delta=95000 ps
# 510000: [ld_cnt] PASS TEST: Load count overflow timing is correct (delta=95000 ps = 95.0 ns)
# 510000: [BASE] Start calling write task
# 510000: [BASE] Start sending packet
# 510000: [STIMULUS] Sent packet to driver
# 510000: [DRIVER] Start getting packet from STIMULUS
# 590001: [BASE] Done write task
# 1000101000: [TEST RESULT] TEST PASSED - All 1 tests passed
# 1000101000: [base_test] End simulation
# ** Note: $finish    : ../testcase/base_test.sv(35)
#    Time: 1000101 ns  Iteration: 0  Instance: /testbench
# Saving coverage database on exit...
# End time: 12:10:27 on Jun 14,2026, Elapsed time: 0:00:01
# Errors: 0, Warnings: 5
