# vsim -suppress 12110 -sv_seed 927769 -coverage -coveranalysis -debugDB -l reversed_chk_927769.log -voptargs="+acc" -assertdebug -c testbench -do "coverage save -codeAll -cvg -onexit reversed_chk.ucdb; log -r /*;run -all;" "+TESTNAME=reversed_chk" 
# Start time: 12:10:11 on Jun 14,2026
# ** Warning: (vsim-8891) All optimizations are disabled because the -novopt option is in effect. This will cause your simulation to run very slowly. If you are using this switch to preserve visibility for Debug or PLI features, please see the User's Manual section on Preserving Object Visibility with vopt. -novopt option is now deprecated and will be removed in future releases.
# //  Questa Sim-64
# //  Version 10.7c win64 Aug 18 2018
# //
# //  Copyright 1991-2018 Mentor Graphics Corporation
# //  All Rights Reserved.
# //
# //  QuestaSim and its associated documentation contain trade
# //  secrets and commercial or financial information that are the property of
# //  Mentor Graphics Corporation and are privileged, confidential,
# //  and exempt from disclosure under the Freedom of Information Act,
# //  5 U.S.C. Section 552. Furthermore, this information
# //  is prohibited from disclosure under the Trade Secrets Act,
# //  18 U.S.C. Section 1905.
# //
# Loading sv_std.std
# Loading work.dut_if
# Loading work.timer_pkg
# Loading work.test_pkg
# Loading work.testbench
# Loading work.timer_top
# Loading work.APB_SLAVE
# Loading work.TCR
# Loading work.TSR
# Loading work.TDR
# Loading work.TIE
# Loading work.CLK_DIV
# Loading work.COUNTER
# Loading work.INTERRUPT
# ** Warning: (vsim-3839) Variable '/testbench/d_if/pslverr', driven via a port connection, is multiply driven. See ../tb/testbench.sv(9).
#    Time: 0 ps  Iteration: 0  Instance: /testbench/d_if File: ../tb/dut_interface.sv Line: 27
# ** Warning: (vsim-3839) Variable '/testbench/d_if/int_signal', driven via a port connection, is multiply driven. See ../tb/testbench.sv(9).
#    Time: 0 ps  Iteration: 0  Instance: /testbench/d_if File: ../tb/dut_interface.sv Line: 26
# ** Warning: (vsim-3839) Variable '/testbench/d_if/prdata', driven via a port connection, is multiply driven. See ../tb/testbench.sv(9).
#    Time: 0 ps  Iteration: 0  Instance: /testbench/d_if File: ../tb/dut_interface.sv Line: 25
# ** Warning: (vsim-3839) Variable '/testbench/d_if/pready', driven via a port connection, is multiply driven. See ../tb/testbench.sv(9).
#    Time: 0 ps  Iteration: 0  Instance: /testbench/d_if File: ../tb/dut_interface.sv Line: 24
# ** Note: (vsim-8900) Creating design debug database vsim.dbg.
# It appears vopt was not run with -debugdb option on this design.
# Advanced Causality and Schematic debug features will not be available.
# coverage save -codeAll -cvg -onexit reversed_chk.ucdb
#  log -r /*
# run -all
# testname provided: reversed_chk
# 101000: [ENV] Build environment
# 101000: [ENV] Start running environment
# 101000: [STIMULUS] Start running STIMULUS
# 101000: [SCOREBOARD] Start running SCOREBOARD
# ===========================
# =====Reversed CHECK========
# ===========================
# =======TCR Revered CHECK=======
# 101040: [BASE] Start calling write task
# 101040: [BASE] Start sending packet
# 101040: [STIMULUS] Sent packet to driver
# 101040: [DRIVER] Start getting packet from STIMULUS
# 170001: [BASE] Done write task
# 170001: [BASE] Start calling read task
# 170001: [BASE] Start sending packet
# 170002: [STIMULUS] Sent packet to driver
# 170002: [DRIVER] Start getting packet from STIMULUS
# 250001: [BASE] Done read task
# 250001: [COMPARATOR] PASS at 0
# =======TIE Revered CHECK=======
# 250001: [BASE] Start calling write task
# 250001: [BASE] Start sending packet
# 250002: [STIMULUS] Sent packet to driver
# 250002: [DRIVER] Start getting packet from STIMULUS
# 330001: [BASE] Done write task
# 330001: [BASE] Start calling write task
# 330001: [BASE] Start sending packet
# 330002: [STIMULUS] Sent packet to driver
# 330002: [DRIVER] Start getting packet from STIMULUS
# 410001: [BASE] Done write task
# 410001: [BASE] Start calling read task
# 410001: [BASE] Start sending packet
# 410002: [STIMULUS] Sent packet to driver
# 410002: [DRIVER] Start getting packet from STIMULUS
# 490001: [BASE] Done read task
# 490001: [COMPARATOR] PASS at 3
# =======Addr Reversed CHECK=======
# 490001: [BASE] Start calling read task
# 490001: [BASE] Start sending packet
# 490002: [STIMULUS] Sent packet to driver
# 490002: [DRIVER] Start getting packet from STIMULUS
# 570001: [BASE] Done read task
# 570001: [COMPARATOR] PASS at 4
# 570001: [BASE] Start calling read task
# 570001: [BASE] Start sending packet
# 570002: [STIMULUS] Sent packet to driver
# 570002: [DRIVER] Start getting packet from STIMULUS
# 650001: [BASE] Done read task
# 650001: [COMPARATOR] PASS at 5
# 650001: [BASE] Start calling read task
# 650001: [BASE] Start sending packet
# 650002: [STIMULUS] Sent packet to driver
# 650002: [DRIVER] Start getting packet from STIMULUS
# 730001: [BASE] Done read task
# 730001: [COMPARATOR] PASS at 6
# 730001: [BASE] Start calling read task
# 730001: [BASE] Start sending packet
# 730002: [STIMULUS] Sent packet to driver
# 730002: [DRIVER] Start getting packet from STIMULUS
# 810001: [BASE] Done read task
# 810001: [COMPARATOR] PASS at 7
# 810001: [BASE] Start calling read task
# 810001: [BASE] Start sending packet
# 810002: [STIMULUS] Sent packet to driver
# 810002: [DRIVER] Start getting packet from STIMULUS
# 890001: [BASE] Done read task
# 890001: [COMPARATOR] PASS at 8
# 890001: [BASE] Start calling read task
# 890001: [BASE] Start sending packet
# 890002: [STIMULUS] Sent packet to driver
# 890002: [DRIVER] Start getting packet from STIMULUS
# 970001: [BASE] Done read task
# 970001: [COMPARATOR] PASS at 9
# 970001: [BASE] Start calling read task
# 970001: [BASE] Start sending packet
# 970002: [STIMULUS] Sent packet to driver
# 970002: [DRIVER] Start getting packet from STIMULUS
# 1050001: [BASE] Done read task
# 1050001: [COMPARATOR] PASS at a
# 1050001: [BASE] Start calling read task
# 1050001: [BASE] Start sending packet
# 1050002: [STIMULUS] Sent packet to driver
# 1050002: [DRIVER] Start getting packet from STIMULUS
# 1130001: [BASE] Done read task
# 1130001: [COMPARATOR] PASS at b
# 1130001: [BASE] Start calling read task
# 1130001: [BASE] Start sending packet
# 1130002: [STIMULUS] Sent packet to driver
# 1130002: [DRIVER] Start getting packet from STIMULUS
# 1210001: [BASE] Done read task
# 1210001: [COMPARATOR] PASS at c
# 1210001: [BASE] Start calling read task
# 1210001: [BASE] Start sending packet
# 1210002: [STIMULUS] Sent packet to driver
# 1210002: [DRIVER] Start getting packet from STIMULUS
# 1290001: [BASE] Done read task
# 1290001: [COMPARATOR] PASS at d
# 1290001: [BASE] Start calling read task
# 1290001: [BASE] Start sending packet
# 1290002: [STIMULUS] Sent packet to driver
# 1290002: [DRIVER] Start getting packet from STIMULUS
# 1370001: [BASE] Done read task
# 1370001: [COMPARATOR] PASS at e
# 1370001: [BASE] Start calling read task
# 1370001: [BASE] Start sending packet
# 1370002: [STIMULUS] Sent packet to driver
# 1370002: [DRIVER] Start getting packet from STIMULUS
# 1450001: [BASE] Done read task
# 1450001: [COMPARATOR] PASS at f
# 1450001: [BASE] Start calling read task
# 1450001: [BASE] Start sending packet
# 1450002: [STIMULUS] Sent packet to driver
# 1450002: [DRIVER] Start getting packet from STIMULUS
# 1530001: [BASE] Done read task
# 1530001: [COMPARATOR] PASS at 10
# 1530001: [BASE] Start calling read task
# 1530001: [BASE] Start sending packet
# 1530002: [STIMULUS] Sent packet to driver
# 1530002: [DRIVER] Start getting packet from STIMULUS
# 1610001: [BASE] Done read task
# 1610001: [COMPARATOR] PASS at 11
# 1610001: [BASE] Start calling read task
# 1610001: [BASE] Start sending packet
# 1610002: [STIMULUS] Sent packet to driver
# 1610002: [DRIVER] Start getting packet from STIMULUS
# 1690001: [BASE] Done read task
# 1690001: [COMPARATOR] PASS at 12
# 1690001: [BASE] Start calling read task
# 1690001: [BASE] Start sending packet
# 1690002: [STIMULUS] Sent packet to driver
# 1690002: [DRIVER] Start getting packet from STIMULUS
# 1770001: [BASE] Done read task
# 1770001: [COMPARATOR] PASS at 13
# 1770001: [BASE] Start calling read task
# 1770001: [BASE] Start sending packet
# 1770002: [STIMULUS] Sent packet to driver
# 1770002: [DRIVER] Start getting packet from STIMULUS
# 1850001: [BASE] Done read task
# 1850001: [COMPARATOR] PASS at 14
# 1850001: [BASE] Start calling read task
# 1850001: [BASE] Start sending packet
# 1850002: [STIMULUS] Sent packet to driver
# 1850002: [DRIVER] Start getting packet from STIMULUS
# 1930001: [BASE] Done read task
# 1930001: [COMPARATOR] PASS at 15
# 1930001: [BASE] Start calling read task
# 1930001: [BASE] Start sending packet
# 1930002: [STIMULUS] Sent packet to driver
# 1930002: [DRIVER] Start getting packet from STIMULUS
# 2010001: [BASE] Done read task
# 2010001: [COMPARATOR] PASS at 16
# 2010001: [BASE] Start calling read task
# 2010001: [BASE] Start sending packet
# 2010002: [STIMULUS] Sent packet to driver
# 2010002: [DRIVER] Start getting packet from STIMULUS
# 2090001: [BASE] Done read task
# 2090001: [COMPARATOR] PASS at 17
# 2090001: [BASE] Start calling read task
# 2090001: [BASE] Start sending packet
# 2090002: [STIMULUS] Sent packet to driver
# 2090002: [DRIVER] Start getting packet from STIMULUS
# 2170001: [BASE] Done read task
# 2170001: [COMPARATOR] PASS at 18
# 2170001: [BASE] Start calling read task
# 2170001: [BASE] Start sending packet
# 2170002: [STIMULUS] Sent packet to driver
# 2170002: [DRIVER] Start getting packet from STIMULUS
# 2250001: [BASE] Done read task
# 2250001: [COMPARATOR] PASS at 19
# 2250001: [BASE] Start calling read task
# 2250001: [BASE] Start sending packet
# 2250002: [STIMULUS] Sent packet to driver
# 2250002: [DRIVER] Start getting packet from STIMULUS
# 2330001: [BASE] Done read task
# 2330001: [COMPARATOR] PASS at 1a
# 2330001: [BASE] Start calling read task
# 2330001: [BASE] Start sending packet
# 2330002: [STIMULUS] Sent packet to driver
# 2330002: [DRIVER] Start getting packet from STIMULUS
# 2410001: [BASE] Done read task
# 2410001: [COMPARATOR] PASS at 1b
# 2410001: [BASE] Start calling read task
# 2410001: [BASE] Start sending packet
# 2410002: [STIMULUS] Sent packet to driver
# 2410002: [DRIVER] Start getting packet from STIMULUS
# 2490001: [BASE] Done read task
# 2490001: [COMPARATOR] PASS at 1c
# 2490001: [BASE] Start calling read task
# 2490001: [BASE] Start sending packet
# 2490002: [STIMULUS] Sent packet to driver
# 2490002: [DRIVER] Start getting packet from STIMULUS
# 2570001: [BASE] Done read task
# 2570001: [COMPARATOR] PASS at 1d
# 2570001: [BASE] Start calling read task
# 2570001: [BASE] Start sending packet
# 2570002: [STIMULUS] Sent packet to driver
# 2570002: [DRIVER] Start getting packet from STIMULUS
# 2650001: [BASE] Done read task
# 2650001: [COMPARATOR] PASS at 1e
# 2650001: [BASE] Start calling read task
# 2650001: [BASE] Start sending packet
# 2650002: [STIMULUS] Sent packet to driver
# 2650002: [DRIVER] Start getting packet from STIMULUS
# 2730001: [BASE] Done read task
# 2730001: [COMPARATOR] PASS at 1f
# 2730001: [BASE] Start calling read task
# 2730001: [BASE] Start sending packet
# 2730002: [STIMULUS] Sent packet to driver
# 2730002: [DRIVER] Start getting packet from STIMULUS
# 2810001: [BASE] Done read task
# 2810001: [COMPARATOR] PASS at 20
# 2810001: [BASE] Start calling read task
# 2810001: [BASE] Start sending packet
# 2810002: [STIMULUS] Sent packet to driver
# 2810002: [DRIVER] Start getting packet from STIMULUS
# 2890001: [BASE] Done read task
# 2890001: [COMPARATOR] PASS at 21
# 2890001: [BASE] Start calling read task
# 2890001: [BASE] Start sending packet
# 2890002: [STIMULUS] Sent packet to driver
# 2890002: [DRIVER] Start getting packet from STIMULUS
# 2970001: [BASE] Done read task
# 2970001: [COMPARATOR] PASS at 22
# 2970001: [BASE] Start calling read task
# 2970001: [BASE] Start sending packet
# 2970002: [STIMULUS] Sent packet to driver
# 2970002: [DRIVER] Start getting packet from STIMULUS
# 3050001: [BASE] Done read task
# 3050001: [COMPARATOR] PASS at 23
# 3050001: [BASE] Start calling read task
# 3050001: [BASE] Start sending packet
# 3050002: [STIMULUS] Sent packet to driver
# 3050002: [DRIVER] Start getting packet from STIMULUS
# 3130001: [BASE] Done read task
# 3130001: [COMPARATOR] PASS at 24
# 3130001: [BASE] Start calling read task
# 3130001: [BASE] Start sending packet
# 3130002: [STIMULUS] Sent packet to driver
# 3130002: [DRIVER] Start getting packet from STIMULUS
# 3210001: [BASE] Done read task
# 3210001: [COMPARATOR] PASS at 25
# 3210001: [BASE] Start calling read task
# 3210001: [BASE] Start sending packet
# 3210002: [STIMULUS] Sent packet to driver
# 3210002: [DRIVER] Start getting packet from STIMULUS
# 3290001: [BASE] Done read task
# 3290001: [COMPARATOR] PASS at 26
# 3290001: [BASE] Start calling read task
# 3290001: [BASE] Start sending packet
# 3290002: [STIMULUS] Sent packet to driver
# 3290002: [DRIVER] Start getting packet from STIMULUS
# 3370001: [BASE] Done read task
# 3370001: [COMPARATOR] PASS at 27
# 3370001: [BASE] Start calling read task
# 3370001: [BASE] Start sending packet
# 3370002: [STIMULUS] Sent packet to driver
# 3370002: [DRIVER] Start getting packet from STIMULUS
# 3450001: [BASE] Done read task
# 3450001: [COMPARATOR] PASS at 28
# 3450001: [BASE] Start calling read task
# 3450001: [BASE] Start sending packet
# 3450002: [STIMULUS] Sent packet to driver
# 3450002: [DRIVER] Start getting packet from STIMULUS
# 3530001: [BASE] Done read task
# 3530001: [COMPARATOR] PASS at 29
# 3530001: [BASE] Start calling read task
# 3530001: [BASE] Start sending packet
# 3530002: [STIMULUS] Sent packet to driver
# 3530002: [DRIVER] Start getting packet from STIMULUS
# 3610001: [BASE] Done read task
# 3610001: [COMPARATOR] PASS at 2a
# 3610001: [BASE] Start calling read task
# 3610001: [BASE] Start sending packet
# 3610002: [STIMULUS] Sent packet to driver
# 3610002: [DRIVER] Start getting packet from STIMULUS
# 3690001: [BASE] Done read task
# 3690001: [COMPARATOR] PASS at 2b
# 3690001: [BASE] Start calling read task
# 3690001: [BASE] Start sending packet
# 3690002: [STIMULUS] Sent packet to driver
# 3690002: [DRIVER] Start getting packet from STIMULUS
# 3770001: [BASE] Done read task
# 3770001: [COMPARATOR] PASS at 2c
# 3770001: [BASE] Start calling read task
# 3770001: [BASE] Start sending packet
# 3770002: [STIMULUS] Sent packet to driver
# 3770002: [DRIVER] Start getting packet from STIMULUS
# 3850001: [BASE] Done read task
# 3850001: [COMPARATOR] PASS at 2d
# 3850001: [BASE] Start calling read task
# 3850001: [BASE] Start sending packet
# 3850002: [STIMULUS] Sent packet to driver
# 3850002: [DRIVER] Start getting packet from STIMULUS
# 3930001: [BASE] Done read task
# 3930001: [COMPARATOR] PASS at 2e
# 3930001: [BASE] Start calling read task
# 3930001: [BASE] Start sending packet
# 3930002: [STIMULUS] Sent packet to driver
# 3930002: [DRIVER] Start getting packet from STIMULUS
# 4010001: [BASE] Done read task
# 4010001: [COMPARATOR] PASS at 2f
# 4010001: [BASE] Start calling read task
# 4010001: [BASE] Start sending packet
# 4010002: [STIMULUS] Sent packet to driver
# 4010002: [DRIVER] Start getting packet from STIMULUS
# 4090001: [BASE] Done read task
# 4090001: [COMPARATOR] PASS at 30
# 4090001: [BASE] Start calling read task
# 4090001: [BASE] Start sending packet
# 4090002: [STIMULUS] Sent packet to driver
# 4090002: [DRIVER] Start getting packet from STIMULUS
# 4170001: [BASE] Done read task
# 4170001: [COMPARATOR] PASS at 31
# 4170001: [BASE] Start calling read task
# 4170001: [BASE] Start sending packet
# 4170002: [STIMULUS] Sent packet to driver
# 4170002: [DRIVER] Start getting packet from STIMULUS
# 4250001: [BASE] Done read task
# 4250001: [COMPARATOR] PASS at 32
# 4250001: [BASE] Start calling read task
# 4250001: [BASE] Start sending packet
# 4250002: [STIMULUS] Sent packet to driver
# 4250002: [DRIVER] Start getting packet from STIMULUS
# 4330001: [BASE] Done read task
# 4330001: [COMPARATOR] PASS at 33
# 4330001: [BASE] Start calling read task
# 4330001: [BASE] Start sending packet
# 4330002: [STIMULUS] Sent packet to driver
# 4330002: [DRIVER] Start getting packet from STIMULUS
# 4410001: [BASE] Done read task
# 4410001: [COMPARATOR] PASS at 34
# 4410001: [BASE] Start calling read task
# 4410001: [BASE] Start sending packet
# 4410002: [STIMULUS] Sent packet to driver
# 4410002: [DRIVER] Start getting packet from STIMULUS
# 4490001: [BASE] Done read task
# 4490001: [COMPARATOR] PASS at 35
# 4490001: [BASE] Start calling read task
# 4490001: [BASE] Start sending packet
# 4490002: [STIMULUS] Sent packet to driver
# 4490002: [DRIVER] Start getting packet from STIMULUS
# 4570001: [BASE] Done read task
# 4570001: [COMPARATOR] PASS at 36
# 4570001: [BASE] Start calling read task
# 4570001: [BASE] Start sending packet
# 4570002: [STIMULUS] Sent packet to driver
# 4570002: [DRIVER] Start getting packet from STIMULUS
# 4650001: [BASE] Done read task
# 4650001: [COMPARATOR] PASS at 37
# 4650001: [BASE] Start calling read task
# 4650001: [BASE] Start sending packet
# 4650002: [STIMULUS] Sent packet to driver
# 4650002: [DRIVER] Start getting packet from STIMULUS
# 4730001: [BASE] Done read task
# 4730001: [COMPARATOR] PASS at 38
# 4730001: [BASE] Start calling read task
# 4730001: [BASE] Start sending packet
# 4730002: [STIMULUS] Sent packet to driver
# 4730002: [DRIVER] Start getting packet from STIMULUS
# 4810001: [BASE] Done read task
# 4810001: [COMPARATOR] PASS at 39
# 4810001: [BASE] Start calling read task
# 4810001: [BASE] Start sending packet
# 4810002: [STIMULUS] Sent packet to driver
# 4810002: [DRIVER] Start getting packet from STIMULUS
# 4890001: [BASE] Done read task
# 4890001: [COMPARATOR] PASS at 3a
# 4890001: [BASE] Start calling read task
# 4890001: [BASE] Start sending packet
# 4890002: [STIMULUS] Sent packet to driver
# 4890002: [DRIVER] Start getting packet from STIMULUS
# 4970001: [BASE] Done read task
# 4970001: [COMPARATOR] PASS at 3b
# 4970001: [BASE] Start calling read task
# 4970001: [BASE] Start sending packet
# 4970002: [STIMULUS] Sent packet to driver
# 4970002: [DRIVER] Start getting packet from STIMULUS
# 5050001: [BASE] Done read task
# 5050001: [COMPARATOR] PASS at 3c
# 5050001: [BASE] Start calling read task
# 5050001: [BASE] Start sending packet
# 5050002: [STIMULUS] Sent packet to driver
# 5050002: [DRIVER] Start getting packet from STIMULUS
# 5130001: [BASE] Done read task
# 5130001: [COMPARATOR] PASS at 3d
# 5130001: [BASE] Start calling read task
# 5130001: [BASE] Start sending packet
# 5130002: [STIMULUS] Sent packet to driver
# 5130002: [DRIVER] Start getting packet from STIMULUS
# 5210001: [BASE] Done read task
# 5210001: [COMPARATOR] PASS at 3e
# 5210001: [BASE] Start calling read task
# 5210001: [BASE] Start sending packet
# 5210002: [STIMULUS] Sent packet to driver
# 5210002: [DRIVER] Start getting packet from STIMULUS
# 5290001: [BASE] Done read task
# 5290001: [COMPARATOR] PASS at 3f
# 5290001: [BASE] Start calling read task
# 5290001: [BASE] Start sending packet
# 5290002: [STIMULUS] Sent packet to driver
# 5290002: [DRIVER] Start getting packet from STIMULUS
# 5370001: [BASE] Done read task
# 5370001: [COMPARATOR] PASS at 40
# 5370001: [BASE] Start calling read task
# 5370001: [BASE] Start sending packet
# 5370002: [STIMULUS] Sent packet to driver
# 5370002: [DRIVER] Start getting packet from STIMULUS
# 5450001: [BASE] Done read task
# 5450001: [COMPARATOR] PASS at 41
# 5450001: [BASE] Start calling read task
# 5450001: [BASE] Start sending packet
# 5450002: [STIMULUS] Sent packet to driver
# 5450002: [DRIVER] Start getting packet from STIMULUS
# 5530001: [BASE] Done read task
# 5530001: [COMPARATOR] PASS at 42
# 5530001: [BASE] Start calling read task
# 5530001: [BASE] Start sending packet
# 5530002: [STIMULUS] Sent packet to driver
# 5530002: [DRIVER] Start getting packet from STIMULUS
# 5610001: [BASE] Done read task
# 5610001: [COMPARATOR] PASS at 43
# 5610001: [BASE] Start calling read task
# 5610001: [BASE] Start sending packet
# 5610002: [STIMULUS] Sent packet to driver
# 5610002: [DRIVER] Start getting packet from STIMULUS
# 5690001: [BASE] Done read task
# 5690001: [COMPARATOR] PASS at 44
# 5690001: [BASE] Start calling read task
# 5690001: [BASE] Start sending packet
# 5690002: [STIMULUS] Sent packet to driver
# 5690002: [DRIVER] Start getting packet from STIMULUS
# 5770001: [BASE] Done read task
# 5770001: [COMPARATOR] PASS at 45
# 5770001: [BASE] Start calling read task
# 5770001: [BASE] Start sending packet
# 5770002: [STIMULUS] Sent packet to driver
# 5770002: [DRIVER] Start getting packet from STIMULUS
# 5850001: [BASE] Done read task
# 5850001: [COMPARATOR] PASS at 46
# 5850001: [BASE] Start calling read task
# 5850001: [BASE] Start sending packet
# 5850002: [STIMULUS] Sent packet to driver
# 5850002: [DRIVER] Start getting packet from STIMULUS
# 5930001: [BASE] Done read task
# 5930001: [COMPARATOR] PASS at 47
# 5930001: [BASE] Start calling read task
# 5930001: [BASE] Start sending packet
# 5930002: [STIMULUS] Sent packet to driver
# 5930002: [DRIVER] Start getting packet from STIMULUS
# 6010001: [BASE] Done read task
# 6010001: [COMPARATOR] PASS at 48
# 6010001: [BASE] Start calling read task
# 6010001: [BASE] Start sending packet
# 6010002: [STIMULUS] Sent packet to driver
# 6010002: [DRIVER] Start getting packet from STIMULUS
# 6090001: [BASE] Done read task
# 6090001: [COMPARATOR] PASS at 49
# 6090001: [BASE] Start calling read task
# 6090001: [BASE] Start sending packet
# 6090002: [STIMULUS] Sent packet to driver
# 6090002: [DRIVER] Start getting packet from STIMULUS
# 6170001: [BASE] Done read task
# 6170001: [COMPARATOR] PASS at 4a
# 6170001: [BASE] Start calling read task
# 6170001: [BASE] Start sending packet
# 6170002: [STIMULUS] Sent packet to driver
# 6170002: [DRIVER] Start getting packet from STIMULUS
# 6250001: [BASE] Done read task
# 6250001: [COMPARATOR] PASS at 4b
# 6250001: [BASE] Start calling read task
# 6250001: [BASE] Start sending packet
# 6250002: [STIMULUS] Sent packet to driver
# 6250002: [DRIVER] Start getting packet from STIMULUS
# 6330001: [BASE] Done read task
# 6330001: [COMPARATOR] PASS at 4c
# 6330001: [BASE] Start calling read task
# 6330001: [BASE] Start sending packet
# 6330002: [STIMULUS] Sent packet to driver
# 6330002: [DRIVER] Start getting packet from STIMULUS
# 6410001: [BASE] Done read task
# 6410001: [COMPARATOR] PASS at 4d
# 6410001: [BASE] Start calling read task
# 6410001: [BASE] Start sending packet
# 6410002: [STIMULUS] Sent packet to driver
# 6410002: [DRIVER] Start getting packet from STIMULUS
# 6490001: [BASE] Done read task
# 6490001: [COMPARATOR] PASS at 4e
# 6490001: [BASE] Start calling read task
# 6490001: [BASE] Start sending packet
# 6490002: [STIMULUS] Sent packet to driver
# 6490002: [DRIVER] Start getting packet from STIMULUS
# 6570001: [BASE] Done read task
# 6570001: [COMPARATOR] PASS at 4f
# 6570001: [BASE] Start calling read task
# 6570001: [BASE] Start sending packet
# 6570002: [STIMULUS] Sent packet to driver
# 6570002: [DRIVER] Start getting packet from STIMULUS
# 6650001: [BASE] Done read task
# 6650001: [COMPARATOR] PASS at 50
# 6650001: [BASE] Start calling read task
# 6650001: [BASE] Start sending packet
# 6650002: [STIMULUS] Sent packet to driver
# 6650002: [DRIVER] Start getting packet from STIMULUS
# 6730001: [BASE] Done read task
# 6730001: [COMPARATOR] PASS at 51
# 6730001: [BASE] Start calling read task
# 6730001: [BASE] Start sending packet
# 6730002: [STIMULUS] Sent packet to driver
# 6730002: [DRIVER] Start getting packet from STIMULUS
# 6810001: [BASE] Done read task
# 6810001: [COMPARATOR] PASS at 52
# 6810001: [BASE] Start calling read task
# 6810001: [BASE] Start sending packet
# 6810002: [STIMULUS] Sent packet to driver
# 6810002: [DRIVER] Start getting packet from STIMULUS
# 6890001: [BASE] Done read task
# 6890001: [COMPARATOR] PASS at 53
# 6890001: [BASE] Start calling read task
# 6890001: [BASE] Start sending packet
# 6890002: [STIMULUS] Sent packet to driver
# 6890002: [DRIVER] Start getting packet from STIMULUS
# 6970001: [BASE] Done read task
# 6970001: [COMPARATOR] PASS at 54
# 6970001: [BASE] Start calling read task
# 6970001: [BASE] Start sending packet
# 6970002: [STIMULUS] Sent packet to driver
# 6970002: [DRIVER] Start getting packet from STIMULUS
# 7050001: [BASE] Done read task
# 7050001: [COMPARATOR] PASS at 55
# 7050001: [BASE] Start calling read task
# 7050001: [BASE] Start sending packet
# 7050002: [STIMULUS] Sent packet to driver
# 7050002: [DRIVER] Start getting packet from STIMULUS
# 7130001: [BASE] Done read task
# 7130001: [COMPARATOR] PASS at 56
# 7130001: [BASE] Start calling read task
# 7130001: [BASE] Start sending packet
# 7130002: [STIMULUS] Sent packet to driver
# 7130002: [DRIVER] Start getting packet from STIMULUS
# 7210001: [BASE] Done read task
# 7210001: [COMPARATOR] PASS at 57
# 7210001: [BASE] Start calling read task
# 7210001: [BASE] Start sending packet
# 7210002: [STIMULUS] Sent packet to driver
# 7210002: [DRIVER] Start getting packet from STIMULUS
# 7290001: [BASE] Done read task
# 7290001: [COMPARATOR] PASS at 58
# 7290001: [BASE] Start calling read task
# 7290001: [BASE] Start sending packet
# 7290002: [STIMULUS] Sent packet to driver
# 7290002: [DRIVER] Start getting packet from STIMULUS
# 7370001: [BASE] Done read task
# 7370001: [COMPARATOR] PASS at 59
# 7370001: [BASE] Start calling read task
# 7370001: [BASE] Start sending packet
# 7370002: [STIMULUS] Sent packet to driver
# 7370002: [DRIVER] Start getting packet from STIMULUS
# 7450001: [BASE] Done read task
# 7450001: [COMPARATOR] PASS at 5a
# 7450001: [BASE] Start calling read task
# 7450001: [BASE] Start sending packet
# 7450002: [STIMULUS] Sent packet to driver
# 7450002: [DRIVER] Start getting packet from STIMULUS
# 7530001: [BASE] Done read task
# 7530001: [COMPARATOR] PASS at 5b
# 7530001: [BASE] Start calling read task
# 7530001: [BASE] Start sending packet
# 7530002: [STIMULUS] Sent packet to driver
# 7530002: [DRIVER] Start getting packet from STIMULUS
# 7610001: [BASE] Done read task
# 7610001: [COMPARATOR] PASS at 5c
# 7610001: [BASE] Start calling read task
# 7610001: [BASE] Start sending packet
# 7610002: [STIMULUS] Sent packet to driver
# 7610002: [DRIVER] Start getting packet from STIMULUS
# 7690001: [BASE] Done read task
# 7690001: [COMPARATOR] PASS at 5d
# 7690001: [BASE] Start calling read task
# 7690001: [BASE] Start sending packet
# 7690002: [STIMULUS] Sent packet to driver
# 7690002: [DRIVER] Start getting packet from STIMULUS
# 7770001: [BASE] Done read task
# 7770001: [COMPARATOR] PASS at 5e
# 7770001: [BASE] Start calling read task
# 7770001: [BASE] Start sending packet
# 7770002: [STIMULUS] Sent packet to driver
# 7770002: [DRIVER] Start getting packet from STIMULUS
# 7850001: [BASE] Done read task
# 7850001: [COMPARATOR] PASS at 5f
# 7850001: [BASE] Start calling read task
# 7850001: [BASE] Start sending packet
# 7850002: [STIMULUS] Sent packet to driver
# 7850002: [DRIVER] Start getting packet from STIMULUS
# 7930001: [BASE] Done read task
# 7930001: [COMPARATOR] PASS at 60
# 7930001: [BASE] Start calling read task
# 7930001: [BASE] Start sending packet
# 7930002: [STIMULUS] Sent packet to driver
# 7930002: [DRIVER] Start getting packet from STIMULUS
# 8010001: [BASE] Done read task
# 8010001: [COMPARATOR] PASS at 61
# 8010001: [BASE] Start calling read task
# 8010001: [BASE] Start sending packet
# 8010002: [STIMULUS] Sent packet to driver
# 8010002: [DRIVER] Start getting packet from STIMULUS
# 8090001: [BASE] Done read task
# 8090001: [COMPARATOR] PASS at 62
# 8090001: [BASE] Start calling read task
# 8090001: [BASE] Start sending packet
# 8090002: [STIMULUS] Sent packet to driver
# 8090002: [DRIVER] Start getting packet from STIMULUS
# 8170001: [BASE] Done read task
# 8170001: [COMPARATOR] PASS at 63
# 8170001: [BASE] Start calling read task
# 8170001: [BASE] Start sending packet
# 8170002: [STIMULUS] Sent packet to driver
# 8170002: [DRIVER] Start getting packet from STIMULUS
# 8250001: [BASE] Done read task
# 8250001: [COMPARATOR] PASS at 64
# 8250001: [BASE] Start calling read task
# 8250001: [BASE] Start sending packet
# 8250002: [STIMULUS] Sent packet to driver
# 8250002: [DRIVER] Start getting packet from STIMULUS
# 8330001: [BASE] Done read task
# 8330001: [COMPARATOR] PASS at 65
# 8330001: [BASE] Start calling read task
# 8330001: [BASE] Start sending packet
# 8330002: [STIMULUS] Sent packet to driver
# 8330002: [DRIVER] Start getting packet from STIMULUS
# 8410001: [BASE] Done read task
# 8410001: [COMPARATOR] PASS at 66
# 8410001: [BASE] Start calling read task
# 8410001: [BASE] Start sending packet
# 8410002: [STIMULUS] Sent packet to driver
# 8410002: [DRIVER] Start getting packet from STIMULUS
# 8490001: [BASE] Done read task
# 8490001: [COMPARATOR] PASS at 67
# 8490001: [BASE] Start calling read task
# 8490001: [BASE] Start sending packet
# 8490002: [STIMULUS] Sent packet to driver
# 8490002: [DRIVER] Start getting packet from STIMULUS
# 8570001: [BASE] Done read task
# 8570001: [COMPARATOR] PASS at 68
# 8570001: [BASE] Start calling read task
# 8570001: [BASE] Start sending packet
# 8570002: [STIMULUS] Sent packet to driver
# 8570002: [DRIVER] Start getting packet from STIMULUS
# 8650001: [BASE] Done read task
# 8650001: [COMPARATOR] PASS at 69
# 8650001: [BASE] Start calling read task
# 8650001: [BASE] Start sending packet
# 8650002: [STIMULUS] Sent packet to driver
# 8650002: [DRIVER] Start getting packet from STIMULUS
# 8730001: [BASE] Done read task
# 8730001: [COMPARATOR] PASS at 6a
# 8730001: [BASE] Start calling read task
# 8730001: [BASE] Start sending packet
# 8730002: [STIMULUS] Sent packet to driver
# 8730002: [DRIVER] Start getting packet from STIMULUS
# 8810001: [BASE] Done read task
# 8810001: [COMPARATOR] PASS at 6b
# 8810001: [BASE] Start calling read task
# 8810001: [BASE] Start sending packet
# 8810002: [STIMULUS] Sent packet to driver
# 8810002: [DRIVER] Start getting packet from STIMULUS
# 8890001: [BASE] Done read task
# 8890001: [COMPARATOR] PASS at 6c
# 8890001: [BASE] Start calling read task
# 8890001: [BASE] Start sending packet
# 8890002: [STIMULUS] Sent packet to driver
# 8890002: [DRIVER] Start getting packet from STIMULUS
# 8970001: [BASE] Done read task
# 8970001: [COMPARATOR] PASS at 6d
# 8970001: [BASE] Start calling read task
# 8970001: [BASE] Start sending packet
# 8970002: [STIMULUS] Sent packet to driver
# 8970002: [DRIVER] Start getting packet from STIMULUS
# 9050001: [BASE] Done read task
# 9050001: [COMPARATOR] PASS at 6e
# 9050001: [BASE] Start calling read task
# 9050001: [BASE] Start sending packet
# 9050002: [STIMULUS] Sent packet to driver
# 9050002: [DRIVER] Start getting packet from STIMULUS
# 9130001: [BASE] Done read task
# 9130001: [COMPARATOR] PASS at 6f
# 9130001: [BASE] Start calling read task
# 9130001: [BASE] Start sending packet
# 9130002: [STIMULUS] Sent packet to driver
# 9130002: [DRIVER] Start getting packet from STIMULUS
# 9210001: [BASE] Done read task
# 9210001: [COMPARATOR] PASS at 70
# 9210001: [BASE] Start calling read task
# 9210001: [BASE] Start sending packet
# 9210002: [STIMULUS] Sent packet to driver
# 9210002: [DRIVER] Start getting packet from STIMULUS
# 9290001: [BASE] Done read task
# 9290001: [COMPARATOR] PASS at 71
# 9290001: [BASE] Start calling read task
# 9290001: [BASE] Start sending packet
# 9290002: [STIMULUS] Sent packet to driver
# 9290002: [DRIVER] Start getting packet from STIMULUS
# 9370001: [BASE] Done read task
# 9370001: [COMPARATOR] PASS at 72
# 9370001: [BASE] Start calling read task
# 9370001: [BASE] Start sending packet
# 9370002: [STIMULUS] Sent packet to driver
# 9370002: [DRIVER] Start getting packet from STIMULUS
# 9450001: [BASE] Done read task
# 9450001: [COMPARATOR] PASS at 73
# 9450001: [BASE] Start calling read task
# 9450001: [BASE] Start sending packet
# 9450002: [STIMULUS] Sent packet to driver
# 9450002: [DRIVER] Start getting packet from STIMULUS
# 9530001: [BASE] Done read task
# 9530001: [COMPARATOR] PASS at 74
# 9530001: [BASE] Start calling read task
# 9530001: [BASE] Start sending packet
# 9530002: [STIMULUS] Sent packet to driver
# 9530002: [DRIVER] Start getting packet from STIMULUS
# 9610001: [BASE] Done read task
# 9610001: [COMPARATOR] PASS at 75
# 9610001: [BASE] Start calling read task
# 9610001: [BASE] Start sending packet
# 9610002: [STIMULUS] Sent packet to driver
# 9610002: [DRIVER] Start getting packet from STIMULUS
# 9690001: [BASE] Done read task
# 9690001: [COMPARATOR] PASS at 76
# 9690001: [BASE] Start calling read task
# 9690001: [BASE] Start sending packet
# 9690002: [STIMULUS] Sent packet to driver
# 9690002: [DRIVER] Start getting packet from STIMULUS
# 9770001: [BASE] Done read task
# 9770001: [COMPARATOR] PASS at 77
# 9770001: [BASE] Start calling read task
# 9770001: [BASE] Start sending packet
# 9770002: [STIMULUS] Sent packet to driver
# 9770002: [DRIVER] Start getting packet from STIMULUS
# 9850001: [BASE] Done read task
# 9850001: [COMPARATOR] PASS at 78
# 9850001: [BASE] Start calling read task
# 9850001: [BASE] Start sending packet
# 9850002: [STIMULUS] Sent packet to driver
# 9850002: [DRIVER] Start getting packet from STIMULUS
# 9930001: [BASE] Done read task
# 9930001: [COMPARATOR] PASS at 79
# 9930001: [BASE] Start calling read task
# 9930001: [BASE] Start sending packet
# 9930002: [STIMULUS] Sent packet to driver
# 9930002: [DRIVER] Start getting packet from STIMULUS
# 10010001: [BASE] Done read task
# 10010001: [COMPARATOR] PASS at 7a
# 10010001: [BASE] Start calling read task
# 10010001: [BASE] Start sending packet
# 10010002: [STIMULUS] Sent packet to driver
# 10010002: [DRIVER] Start getting packet from STIMULUS
# 10090001: [BASE] Done read task
# 10090001: [COMPARATOR] PASS at 7b
# 10090001: [BASE] Start calling read task
# 10090001: [BASE] Start sending packet
# 10090002: [STIMULUS] Sent packet to driver
# 10090002: [DRIVER] Start getting packet from STIMULUS
# 10170001: [BASE] Done read task
# 10170001: [COMPARATOR] PASS at 7c
# 10170001: [BASE] Start calling read task
# 10170001: [BASE] Start sending packet
# 10170002: [STIMULUS] Sent packet to driver
# 10170002: [DRIVER] Start getting packet from STIMULUS
# 10250001: [BASE] Done read task
# 10250001: [COMPARATOR] PASS at 7d
# 10250001: [BASE] Start calling read task
# 10250001: [BASE] Start sending packet
# 10250002: [STIMULUS] Sent packet to driver
# 10250002: [DRIVER] Start getting packet from STIMULUS
# 10330001: [BASE] Done read task
# 10330001: [COMPARATOR] PASS at 7e
# 10330001: [BASE] Start calling read task
# 10330001: [BASE] Start sending packet
# 10330002: [STIMULUS] Sent packet to driver
# 10330002: [DRIVER] Start getting packet from STIMULUS
# 10410001: [BASE] Done read task
# 10410001: [COMPARATOR] PASS at 7f
# 10410001: [BASE] Start calling read task
# 10410001: [BASE] Start sending packet
# 10410002: [STIMULUS] Sent packet to driver
# 10410002: [DRIVER] Start getting packet from STIMULUS
# 10490001: [BASE] Done read task
# 10490001: [COMPARATOR] PASS at 80
# 10490001: [BASE] Start calling read task
# 10490001: [BASE] Start sending packet
# 10490002: [STIMULUS] Sent packet to driver
# 10490002: [DRIVER] Start getting packet from STIMULUS
# 10570001: [BASE] Done read task
# 10570001: [COMPARATOR] PASS at 81
# 10570001: [BASE] Start calling read task
# 10570001: [BASE] Start sending packet
# 10570002: [STIMULUS] Sent packet to driver
# 10570002: [DRIVER] Start getting packet from STIMULUS
# 10650001: [BASE] Done read task
# 10650001: [COMPARATOR] PASS at 82
# 10650001: [BASE] Start calling read task
# 10650001: [BASE] Start sending packet
# 10650002: [STIMULUS] Sent packet to driver
# 10650002: [DRIVER] Start getting packet from STIMULUS
# 10730001: [BASE] Done read task
# 10730001: [COMPARATOR] PASS at 83
# 10730001: [BASE] Start calling read task
# 10730001: [BASE] Start sending packet
# 10730002: [STIMULUS] Sent packet to driver
# 10730002: [DRIVER] Start getting packet from STIMULUS
# 10810001: [BASE] Done read task
# 10810001: [COMPARATOR] PASS at 84
# 10810001: [BASE] Start calling read task
# 10810001: [BASE] Start sending packet
# 10810002: [STIMULUS] Sent packet to driver
# 10810002: [DRIVER] Start getting packet from STIMULUS
# 10890001: [BASE] Done read task
# 10890001: [COMPARATOR] PASS at 85
# 10890001: [BASE] Start calling read task
# 10890001: [BASE] Start sending packet
# 10890002: [STIMULUS] Sent packet to driver
# 10890002: [DRIVER] Start getting packet from STIMULUS
# 10970001: [BASE] Done read task
# 10970001: [COMPARATOR] PASS at 86
# 10970001: [BASE] Start calling read task
# 10970001: [BASE] Start sending packet
# 10970002: [STIMULUS] Sent packet to driver
# 10970002: [DRIVER] Start getting packet from STIMULUS
# 11050001: [BASE] Done read task
# 11050001: [COMPARATOR] PASS at 87
# 11050001: [BASE] Start calling read task
# 11050001: [BASE] Start sending packet
# 11050002: [STIMULUS] Sent packet to driver
# 11050002: [DRIVER] Start getting packet from STIMULUS
# 11130001: [BASE] Done read task
# 11130001: [COMPARATOR] PASS at 88
# 11130001: [BASE] Start calling read task
# 11130001: [BASE] Start sending packet
# 11130002: [STIMULUS] Sent packet to driver
# 11130002: [DRIVER] Start getting packet from STIMULUS
# 11210001: [BASE] Done read task
# 11210001: [COMPARATOR] PASS at 89
# 11210001: [BASE] Start calling read task
# 11210001: [BASE] Start sending packet
# 11210002: [STIMULUS] Sent packet to driver
# 11210002: [DRIVER] Start getting packet from STIMULUS
# 11290001: [BASE] Done read task
# 11290001: [COMPARATOR] PASS at 8a
# 11290001: [BASE] Start calling read task
# 11290001: [BASE] Start sending packet
# 11290002: [STIMULUS] Sent packet to driver
# 11290002: [DRIVER] Start getting packet from STIMULUS
# 11370001: [BASE] Done read task
# 11370001: [COMPARATOR] PASS at 8b
# 11370001: [BASE] Start calling read task
# 11370001: [BASE] Start sending packet
# 11370002: [STIMULUS] Sent packet to driver
# 11370002: [DRIVER] Start getting packet from STIMULUS
# 11450001: [BASE] Done read task
# 11450001: [COMPARATOR] PASS at 8c
# 11450001: [BASE] Start calling read task
# 11450001: [BASE] Start sending packet
# 11450002: [STIMULUS] Sent packet to driver
# 11450002: [DRIVER] Start getting packet from STIMULUS
# 11530001: [BASE] Done read task
# 11530001: [COMPARATOR] PASS at 8d
# 11530001: [BASE] Start calling read task
# 11530001: [BASE] Start sending packet
# 11530002: [STIMULUS] Sent packet to driver
# 11530002: [DRIVER] Start getting packet from STIMULUS
# 11610001: [BASE] Done read task
# 11610001: [COMPARATOR] PASS at 8e
# 11610001: [BASE] Start calling read task
# 11610001: [BASE] Start sending packet
# 11610002: [STIMULUS] Sent packet to driver
# 11610002: [DRIVER] Start getting packet from STIMULUS
# 11690001: [BASE] Done read task
# 11690001: [COMPARATOR] PASS at 8f
# 11690001: [BASE] Start calling read task
# 11690001: [BASE] Start sending packet
# 11690002: [STIMULUS] Sent packet to driver
# 11690002: [DRIVER] Start getting packet from STIMULUS
# 11770001: [BASE] Done read task
# 11770001: [COMPARATOR] PASS at 90
# 11770001: [BASE] Start calling read task
# 11770001: [BASE] Start sending packet
# 11770002: [STIMULUS] Sent packet to driver
# 11770002: [DRIVER] Start getting packet from STIMULUS
# 11850001: [BASE] Done read task
# 11850001: [COMPARATOR] PASS at 91
# 11850001: [BASE] Start calling read task
# 11850001: [BASE] Start sending packet
# 11850002: [STIMULUS] Sent packet to driver
# 11850002: [DRIVER] Start getting packet from STIMULUS
# 11930001: [BASE] Done read task
# 11930001: [COMPARATOR] PASS at 92
# 11930001: [BASE] Start calling read task
# 11930001: [BASE] Start sending packet
# 11930002: [STIMULUS] Sent packet to driver
# 11930002: [DRIVER] Start getting packet from STIMULUS
# 12010001: [BASE] Done read task
# 12010001: [COMPARATOR] PASS at 93
# 12010001: [BASE] Start calling read task
# 12010001: [BASE] Start sending packet
# 12010002: [STIMULUS] Sent packet to driver
# 12010002: [DRIVER] Start getting packet from STIMULUS
# 12090001: [BASE] Done read task
# 12090001: [COMPARATOR] PASS at 94
# 12090001: [BASE] Start calling read task
# 12090001: [BASE] Start sending packet
# 12090002: [STIMULUS] Sent packet to driver
# 12090002: [DRIVER] Start getting packet from STIMULUS
# 12170001: [BASE] Done read task
# 12170001: [COMPARATOR] PASS at 95
# 12170001: [BASE] Start calling read task
# 12170001: [BASE] Start sending packet
# 12170002: [STIMULUS] Sent packet to driver
# 12170002: [DRIVER] Start getting packet from STIMULUS
# 12250001: [BASE] Done read task
# 12250001: [COMPARATOR] PASS at 96
# 12250001: [BASE] Start calling read task
# 12250001: [BASE] Start sending packet
# 12250002: [STIMULUS] Sent packet to driver
# 12250002: [DRIVER] Start getting packet from STIMULUS
# 12330001: [BASE] Done read task
# 12330001: [COMPARATOR] PASS at 97
# 12330001: [BASE] Start calling read task
# 12330001: [BASE] Start sending packet
# 12330002: [STIMULUS] Sent packet to driver
# 12330002: [DRIVER] Start getting packet from STIMULUS
# 12410001: [BASE] Done read task
# 12410001: [COMPARATOR] PASS at 98
# 12410001: [BASE] Start calling read task
# 12410001: [BASE] Start sending packet
# 12410002: [STIMULUS] Sent packet to driver
# 12410002: [DRIVER] Start getting packet from STIMULUS
# 12490001: [BASE] Done read task
# 12490001: [COMPARATOR] PASS at 99
# 12490001: [BASE] Start calling read task
# 12490001: [BASE] Start sending packet
# 12490002: [STIMULUS] Sent packet to driver
# 12490002: [DRIVER] Start getting packet from STIMULUS
# 12570001: [BASE] Done read task
# 12570001: [COMPARATOR] PASS at 9a
# 12570001: [BASE] Start calling read task
# 12570001: [BASE] Start sending packet
# 12570002: [STIMULUS] Sent packet to driver
# 12570002: [DRIVER] Start getting packet from STIMULUS
# 12650001: [BASE] Done read task
# 12650001: [COMPARATOR] PASS at 9b
# 12650001: [BASE] Start calling read task
# 12650001: [BASE] Start sending packet
# 12650002: [STIMULUS] Sent packet to driver
# 12650002: [DRIVER] Start getting packet from STIMULUS
# 12730001: [BASE] Done read task
# 12730001: [COMPARATOR] PASS at 9c
# 12730001: [BASE] Start calling read task
# 12730001: [BASE] Start sending packet
# 12730002: [STIMULUS] Sent packet to driver
# 12730002: [DRIVER] Start getting packet from STIMULUS
# 12810001: [BASE] Done read task
# 12810001: [COMPARATOR] PASS at 9d
# 12810001: [BASE] Start calling read task
# 12810001: [BASE] Start sending packet
# 12810002: [STIMULUS] Sent packet to driver
# 12810002: [DRIVER] Start getting packet from STIMULUS
# 12890001: [BASE] Done read task
# 12890001: [COMPARATOR] PASS at 9e
# 12890001: [BASE] Start calling read task
# 12890001: [BASE] Start sending packet
# 12890002: [STIMULUS] Sent packet to driver
# 12890002: [DRIVER] Start getting packet from STIMULUS
# 12970001: [BASE] Done read task
# 12970001: [COMPARATOR] PASS at 9f
# 12970001: [BASE] Start calling read task
# 12970001: [BASE] Start sending packet
# 12970002: [STIMULUS] Sent packet to driver
# 12970002: [DRIVER] Start getting packet from STIMULUS
# 13050001: [BASE] Done read task
# 13050001: [COMPARATOR] PASS at a0
# 13050001: [BASE] Start calling read task
# 13050001: [BASE] Start sending packet
# 13050002: [STIMULUS] Sent packet to driver
# 13050002: [DRIVER] Start getting packet from STIMULUS
# 13130001: [BASE] Done read task
# 13130001: [COMPARATOR] PASS at a1
# 13130001: [BASE] Start calling read task
# 13130001: [BASE] Start sending packet
# 13130002: [STIMULUS] Sent packet to driver
# 13130002: [DRIVER] Start getting packet from STIMULUS
# 13210001: [BASE] Done read task
# 13210001: [COMPARATOR] PASS at a2
# 13210001: [BASE] Start calling read task
# 13210001: [BASE] Start sending packet
# 13210002: [STIMULUS] Sent packet to driver
# 13210002: [DRIVER] Start getting packet from STIMULUS
# 13290001: [BASE] Done read task
# 13290001: [COMPARATOR] PASS at a3
# 13290001: [BASE] Start calling read task
# 13290001: [BASE] Start sending packet
# 13290002: [STIMULUS] Sent packet to driver
# 13290002: [DRIVER] Start getting packet from STIMULUS
# 13370001: [BASE] Done read task
# 13370001: [COMPARATOR] PASS at a4
# 13370001: [BASE] Start calling read task
# 13370001: [BASE] Start sending packet
# 13370002: [STIMULUS] Sent packet to driver
# 13370002: [DRIVER] Start getting packet from STIMULUS
# 13450001: [BASE] Done read task
# 13450001: [COMPARATOR] PASS at a5
# 13450001: [BASE] Start calling read task
# 13450001: [BASE] Start sending packet
# 13450002: [STIMULUS] Sent packet to driver
# 13450002: [DRIVER] Start getting packet from STIMULUS
# 13530001: [BASE] Done read task
# 13530001: [COMPARATOR] PASS at a6
# 13530001: [BASE] Start calling read task
# 13530001: [BASE] Start sending packet
# 13530002: [STIMULUS] Sent packet to driver
# 13530002: [DRIVER] Start getting packet from STIMULUS
# 13610001: [BASE] Done read task
# 13610001: [COMPARATOR] PASS at a7
# 13610001: [BASE] Start calling read task
# 13610001: [BASE] Start sending packet
# 13610002: [STIMULUS] Sent packet to driver
# 13610002: [DRIVER] Start getting packet from STIMULUS
# 13690001: [BASE] Done read task
# 13690001: [COMPARATOR] PASS at a8
# 13690001: [BASE] Start calling read task
# 13690001: [BASE] Start sending packet
# 13690002: [STIMULUS] Sent packet to driver
# 13690002: [DRIVER] Start getting packet from STIMULUS
# 13770001: [BASE] Done read task
# 13770001: [COMPARATOR] PASS at a9
# 13770001: [BASE] Start calling read task
# 13770001: [BASE] Start sending packet
# 13770002: [STIMULUS] Sent packet to driver
# 13770002: [DRIVER] Start getting packet from STIMULUS
# 13850001: [BASE] Done read task
# 13850001: [COMPARATOR] PASS at aa
# 13850001: [BASE] Start calling read task
# 13850001: [BASE] Start sending packet
# 13850002: [STIMULUS] Sent packet to driver
# 13850002: [DRIVER] Start getting packet from STIMULUS
# 13930001: [BASE] Done read task
# 13930001: [COMPARATOR] PASS at ab
# 13930001: [BASE] Start calling read task
# 13930001: [BASE] Start sending packet
# 13930002: [STIMULUS] Sent packet to driver
# 13930002: [DRIVER] Start getting packet from STIMULUS
# 14010001: [BASE] Done read task
# 14010001: [COMPARATOR] PASS at ac
# 14010001: [BASE] Start calling read task
# 14010001: [BASE] Start sending packet
# 14010002: [STIMULUS] Sent packet to driver
# 14010002: [DRIVER] Start getting packet from STIMULUS
# 14090001: [BASE] Done read task
# 14090001: [COMPARATOR] PASS at ad
# 14090001: [BASE] Start calling read task
# 14090001: [BASE] Start sending packet
# 14090002: [STIMULUS] Sent packet to driver
# 14090002: [DRIVER] Start getting packet from STIMULUS
# 14170001: [BASE] Done read task
# 14170001: [COMPARATOR] PASS at ae
# 14170001: [BASE] Start calling read task
# 14170001: [BASE] Start sending packet
# 14170002: [STIMULUS] Sent packet to driver
# 14170002: [DRIVER] Start getting packet from STIMULUS
# 14250001: [BASE] Done read task
# 14250001: [COMPARATOR] PASS at af
# 14250001: [BASE] Start calling read task
# 14250001: [BASE] Start sending packet
# 14250002: [STIMULUS] Sent packet to driver
# 14250002: [DRIVER] Start getting packet from STIMULUS
# 14330001: [BASE] Done read task
# 14330001: [COMPARATOR] PASS at b0
# 14330001: [BASE] Start calling read task
# 14330001: [BASE] Start sending packet
# 14330002: [STIMULUS] Sent packet to driver
# 14330002: [DRIVER] Start getting packet from STIMULUS
# 14410001: [BASE] Done read task
# 14410001: [COMPARATOR] PASS at b1
# 14410001: [BASE] Start calling read task
# 14410001: [BASE] Start sending packet
# 14410002: [STIMULUS] Sent packet to driver
# 14410002: [DRIVER] Start getting packet from STIMULUS
# 14490001: [BASE] Done read task
# 14490001: [COMPARATOR] PASS at b2
# 14490001: [BASE] Start calling read task
# 14490001: [BASE] Start sending packet
# 14490002: [STIMULUS] Sent packet to driver
# 14490002: [DRIVER] Start getting packet from STIMULUS
# 14570001: [BASE] Done read task
# 14570001: [COMPARATOR] PASS at b3
# 14570001: [BASE] Start calling read task
# 14570001: [BASE] Start sending packet
# 14570002: [STIMULUS] Sent packet to driver
# 14570002: [DRIVER] Start getting packet from STIMULUS
# 14650001: [BASE] Done read task
# 14650001: [COMPARATOR] PASS at b4
# 14650001: [BASE] Start calling read task
# 14650001: [BASE] Start sending packet
# 14650002: [STIMULUS] Sent packet to driver
# 14650002: [DRIVER] Start getting packet from STIMULUS
# 14730001: [BASE] Done read task
# 14730001: [COMPARATOR] PASS at b5
# 14730001: [BASE] Start calling read task
# 14730001: [BASE] Start sending packet
# 14730002: [STIMULUS] Sent packet to driver
# 14730002: [DRIVER] Start getting packet from STIMULUS
# 14810001: [BASE] Done read task
# 14810001: [COMPARATOR] PASS at b6
# 14810001: [BASE] Start calling read task
# 14810001: [BASE] Start sending packet
# 14810002: [STIMULUS] Sent packet to driver
# 14810002: [DRIVER] Start getting packet from STIMULUS
# 14890001: [BASE] Done read task
# 14890001: [COMPARATOR] PASS at b7
# 14890001: [BASE] Start calling read task
# 14890001: [BASE] Start sending packet
# 14890002: [STIMULUS] Sent packet to driver
# 14890002: [DRIVER] Start getting packet from STIMULUS
# 14970001: [BASE] Done read task
# 14970001: [COMPARATOR] PASS at b8
# 14970001: [BASE] Start calling read task
# 14970001: [BASE] Start sending packet
# 14970002: [STIMULUS] Sent packet to driver
# 14970002: [DRIVER] Start getting packet from STIMULUS
# 15050001: [BASE] Done read task
# 15050001: [COMPARATOR] PASS at b9
# 15050001: [BASE] Start calling read task
# 15050001: [BASE] Start sending packet
# 15050002: [STIMULUS] Sent packet to driver
# 15050002: [DRIVER] Start getting packet from STIMULUS
# 15130001: [BASE] Done read task
# 15130001: [COMPARATOR] PASS at ba
# 15130001: [BASE] Start calling read task
# 15130001: [BASE] Start sending packet
# 15130002: [STIMULUS] Sent packet to driver
# 15130002: [DRIVER] Start getting packet from STIMULUS
# 15210001: [BASE] Done read task
# 15210001: [COMPARATOR] PASS at bb
# 15210001: [BASE] Start calling read task
# 15210001: [BASE] Start sending packet
# 15210002: [STIMULUS] Sent packet to driver
# 15210002: [DRIVER] Start getting packet from STIMULUS
# 15290001: [BASE] Done read task
# 15290001: [COMPARATOR] PASS at bc
# 15290001: [BASE] Start calling read task
# 15290001: [BASE] Start sending packet
# 15290002: [STIMULUS] Sent packet to driver
# 15290002: [DRIVER] Start getting packet from STIMULUS
# 15370001: [BASE] Done read task
# 15370001: [COMPARATOR] PASS at bd
# 15370001: [BASE] Start calling read task
# 15370001: [BASE] Start sending packet
# 15370002: [STIMULUS] Sent packet to driver
# 15370002: [DRIVER] Start getting packet from STIMULUS
# 15450001: [BASE] Done read task
# 15450001: [COMPARATOR] PASS at be
# 15450001: [BASE] Start calling read task
# 15450001: [BASE] Start sending packet
# 15450002: [STIMULUS] Sent packet to driver
# 15450002: [DRIVER] Start getting packet from STIMULUS
# 15530001: [BASE] Done read task
# 15530001: [COMPARATOR] PASS at bf
# 15530001: [BASE] Start calling read task
# 15530001: [BASE] Start sending packet
# 15530002: [STIMULUS] Sent packet to driver
# 15530002: [DRIVER] Start getting packet from STIMULUS
# 15610001: [BASE] Done read task
# 15610001: [COMPARATOR] PASS at c0
# 15610001: [BASE] Start calling read task
# 15610001: [BASE] Start sending packet
# 15610002: [STIMULUS] Sent packet to driver
# 15610002: [DRIVER] Start getting packet from STIMULUS
# 15690001: [BASE] Done read task
# 15690001: [COMPARATOR] PASS at c1
# 15690001: [BASE] Start calling read task
# 15690001: [BASE] Start sending packet
# 15690002: [STIMULUS] Sent packet to driver
# 15690002: [DRIVER] Start getting packet from STIMULUS
# 15770001: [BASE] Done read task
# 15770001: [COMPARATOR] PASS at c2
# 15770001: [BASE] Start calling read task
# 15770001: [BASE] Start sending packet
# 15770002: [STIMULUS] Sent packet to driver
# 15770002: [DRIVER] Start getting packet from STIMULUS
# 15850001: [BASE] Done read task
# 15850001: [COMPARATOR] PASS at c3
# 15850001: [BASE] Start calling read task
# 15850001: [BASE] Start sending packet
# 15850002: [STIMULUS] Sent packet to driver
# 15850002: [DRIVER] Start getting packet from STIMULUS
# 15930001: [BASE] Done read task
# 15930001: [COMPARATOR] PASS at c4
# 15930001: [BASE] Start calling read task
# 15930001: [BASE] Start sending packet
# 15930002: [STIMULUS] Sent packet to driver
# 15930002: [DRIVER] Start getting packet from STIMULUS
# 16010001: [BASE] Done read task
# 16010001: [COMPARATOR] PASS at c5
# 16010001: [BASE] Start calling read task
# 16010001: [BASE] Start sending packet
# 16010002: [STIMULUS] Sent packet to driver
# 16010002: [DRIVER] Start getting packet from STIMULUS
# 16090001: [BASE] Done read task
# 16090001: [COMPARATOR] PASS at c6
# 16090001: [BASE] Start calling read task
# 16090001: [BASE] Start sending packet
# 16090002: [STIMULUS] Sent packet to driver
# 16090002: [DRIVER] Start getting packet from STIMULUS
# 16170001: [BASE] Done read task
# 16170001: [COMPARATOR] PASS at c7
# 16170001: [BASE] Start calling read task
# 16170001: [BASE] Start sending packet
# 16170002: [STIMULUS] Sent packet to driver
# 16170002: [DRIVER] Start getting packet from STIMULUS
# 16250001: [BASE] Done read task
# 16250001: [COMPARATOR] PASS at c8
# 16250001: [BASE] Start calling read task
# 16250001: [BASE] Start sending packet
# 16250002: [STIMULUS] Sent packet to driver
# 16250002: [DRIVER] Start getting packet from STIMULUS
# 16330001: [BASE] Done read task
# 16330001: [COMPARATOR] PASS at c9
# 16330001: [BASE] Start calling read task
# 16330001: [BASE] Start sending packet
# 16330002: [STIMULUS] Sent packet to driver
# 16330002: [DRIVER] Start getting packet from STIMULUS
# 16410001: [BASE] Done read task
# 16410001: [COMPARATOR] PASS at ca
# 16410001: [BASE] Start calling read task
# 16410001: [BASE] Start sending packet
# 16410002: [STIMULUS] Sent packet to driver
# 16410002: [DRIVER] Start getting packet from STIMULUS
# 16490001: [BASE] Done read task
# 16490001: [COMPARATOR] PASS at cb
# 16490001: [BASE] Start calling read task
# 16490001: [BASE] Start sending packet
# 16490002: [STIMULUS] Sent packet to driver
# 16490002: [DRIVER] Start getting packet from STIMULUS
# 16570001: [BASE] Done read task
# 16570001: [COMPARATOR] PASS at cc
# 16570001: [BASE] Start calling read task
# 16570001: [BASE] Start sending packet
# 16570002: [STIMULUS] Sent packet to driver
# 16570002: [DRIVER] Start getting packet from STIMULUS
# 16650001: [BASE] Done read task
# 16650001: [COMPARATOR] PASS at cd
# 16650001: [BASE] Start calling read task
# 16650001: [BASE] Start sending packet
# 16650002: [STIMULUS] Sent packet to driver
# 16650002: [DRIVER] Start getting packet from STIMULUS
# 16730001: [BASE] Done read task
# 16730001: [COMPARATOR] PASS at ce
# 16730001: [BASE] Start calling read task
# 16730001: [BASE] Start sending packet
# 16730002: [STIMULUS] Sent packet to driver
# 16730002: [DRIVER] Start getting packet from STIMULUS
# 16810001: [BASE] Done read task
# 16810001: [COMPARATOR] PASS at cf
# 16810001: [BASE] Start calling read task
# 16810001: [BASE] Start sending packet
# 16810002: [STIMULUS] Sent packet to driver
# 16810002: [DRIVER] Start getting packet from STIMULUS
# 16890001: [BASE] Done read task
# 16890001: [COMPARATOR] PASS at d0
# 16890001: [BASE] Start calling read task
# 16890001: [BASE] Start sending packet
# 16890002: [STIMULUS] Sent packet to driver
# 16890002: [DRIVER] Start getting packet from STIMULUS
# 16970001: [BASE] Done read task
# 16970001: [COMPARATOR] PASS at d1
# 16970001: [BASE] Start calling read task
# 16970001: [BASE] Start sending packet
# 16970002: [STIMULUS] Sent packet to driver
# 16970002: [DRIVER] Start getting packet from STIMULUS
# 17050001: [BASE] Done read task
# 17050001: [COMPARATOR] PASS at d2
# 17050001: [BASE] Start calling read task
# 17050001: [BASE] Start sending packet
# 17050002: [STIMULUS] Sent packet to driver
# 17050002: [DRIVER] Start getting packet from STIMULUS
# 17130001: [BASE] Done read task
# 17130001: [COMPARATOR] PASS at d3
# 17130001: [BASE] Start calling read task
# 17130001: [BASE] Start sending packet
# 17130002: [STIMULUS] Sent packet to driver
# 17130002: [DRIVER] Start getting packet from STIMULUS
# 17210001: [BASE] Done read task
# 17210001: [COMPARATOR] PASS at d4
# 17210001: [BASE] Start calling read task
# 17210001: [BASE] Start sending packet
# 17210002: [STIMULUS] Sent packet to driver
# 17210002: [DRIVER] Start getting packet from STIMULUS
# 17290001: [BASE] Done read task
# 17290001: [COMPARATOR] PASS at d5
# 17290001: [BASE] Start calling read task
# 17290001: [BASE] Start sending packet
# 17290002: [STIMULUS] Sent packet to driver
# 17290002: [DRIVER] Start getting packet from STIMULUS
# 17370001: [BASE] Done read task
# 17370001: [COMPARATOR] PASS at d6
# 17370001: [BASE] Start calling read task
# 17370001: [BASE] Start sending packet
# 17370002: [STIMULUS] Sent packet to driver
# 17370002: [DRIVER] Start getting packet from STIMULUS
# 17450001: [BASE] Done read task
# 17450001: [COMPARATOR] PASS at d7
# 17450001: [BASE] Start calling read task
# 17450001: [BASE] Start sending packet
# 17450002: [STIMULUS] Sent packet to driver
# 17450002: [DRIVER] Start getting packet from STIMULUS
# 17530001: [BASE] Done read task
# 17530001: [COMPARATOR] PASS at d8
# 17530001: [BASE] Start calling read task
# 17530001: [BASE] Start sending packet
# 17530002: [STIMULUS] Sent packet to driver
# 17530002: [DRIVER] Start getting packet from STIMULUS
# 17610001: [BASE] Done read task
# 17610001: [COMPARATOR] PASS at d9
# 17610001: [BASE] Start calling read task
# 17610001: [BASE] Start sending packet
# 17610002: [STIMULUS] Sent packet to driver
# 17610002: [DRIVER] Start getting packet from STIMULUS
# 17690001: [BASE] Done read task
# 17690001: [COMPARATOR] PASS at da
# 17690001: [BASE] Start calling read task
# 17690001: [BASE] Start sending packet
# 17690002: [STIMULUS] Sent packet to driver
# 17690002: [DRIVER] Start getting packet from STIMULUS
# 17770001: [BASE] Done read task
# 17770001: [COMPARATOR] PASS at db
# 17770001: [BASE] Start calling read task
# 17770001: [BASE] Start sending packet
# 17770002: [STIMULUS] Sent packet to driver
# 17770002: [DRIVER] Start getting packet from STIMULUS
# 17850001: [BASE] Done read task
# 17850001: [COMPARATOR] PASS at dc
# 17850001: [BASE] Start calling read task
# 17850001: [BASE] Start sending packet
# 17850002: [STIMULUS] Sent packet to driver
# 17850002: [DRIVER] Start getting packet from STIMULUS
# 17930001: [BASE] Done read task
# 17930001: [COMPARATOR] PASS at dd
# 17930001: [BASE] Start calling read task
# 17930001: [BASE] Start sending packet
# 17930002: [STIMULUS] Sent packet to driver
# 17930002: [DRIVER] Start getting packet from STIMULUS
# 18010001: [BASE] Done read task
# 18010001: [COMPARATOR] PASS at de
# 18010001: [BASE] Start calling read task
# 18010001: [BASE] Start sending packet
# 18010002: [STIMULUS] Sent packet to driver
# 18010002: [DRIVER] Start getting packet from STIMULUS
# 18090001: [BASE] Done read task
# 18090001: [COMPARATOR] PASS at df
# 18090001: [BASE] Start calling read task
# 18090001: [BASE] Start sending packet
# 18090002: [STIMULUS] Sent packet to driver
# 18090002: [DRIVER] Start getting packet from STIMULUS
# 18170001: [BASE] Done read task
# 18170001: [COMPARATOR] PASS at e0
# 18170001: [BASE] Start calling read task
# 18170001: [BASE] Start sending packet
# 18170002: [STIMULUS] Sent packet to driver
# 18170002: [DRIVER] Start getting packet from STIMULUS
# 18250001: [BASE] Done read task
# 18250001: [COMPARATOR] PASS at e1
# 18250001: [BASE] Start calling read task
# 18250001: [BASE] Start sending packet
# 18250002: [STIMULUS] Sent packet to driver
# 18250002: [DRIVER] Start getting packet from STIMULUS
# 18330001: [BASE] Done read task
# 18330001: [COMPARATOR] PASS at e2
# 18330001: [BASE] Start calling read task
# 18330001: [BASE] Start sending packet
# 18330002: [STIMULUS] Sent packet to driver
# 18330002: [DRIVER] Start getting packet from STIMULUS
# 18410001: [BASE] Done read task
# 18410001: [COMPARATOR] PASS at e3
# 18410001: [BASE] Start calling read task
# 18410001: [BASE] Start sending packet
# 18410002: [STIMULUS] Sent packet to driver
# 18410002: [DRIVER] Start getting packet from STIMULUS
# 18490001: [BASE] Done read task
# 18490001: [COMPARATOR] PASS at e4
# 18490001: [BASE] Start calling read task
# 18490001: [BASE] Start sending packet
# 18490002: [STIMULUS] Sent packet to driver
# 18490002: [DRIVER] Start getting packet from STIMULUS
# 18570001: [BASE] Done read task
# 18570001: [COMPARATOR] PASS at e5
# 18570001: [BASE] Start calling read task
# 18570001: [BASE] Start sending packet
# 18570002: [STIMULUS] Sent packet to driver
# 18570002: [DRIVER] Start getting packet from STIMULUS
# 18650001: [BASE] Done read task
# 18650001: [COMPARATOR] PASS at e6
# 18650001: [BASE] Start calling read task
# 18650001: [BASE] Start sending packet
# 18650002: [STIMULUS] Sent packet to driver
# 18650002: [DRIVER] Start getting packet from STIMULUS
# 18730001: [BASE] Done read task
# 18730001: [COMPARATOR] PASS at e7
# 18730001: [BASE] Start calling read task
# 18730001: [BASE] Start sending packet
# 18730002: [STIMULUS] Sent packet to driver
# 18730002: [DRIVER] Start getting packet from STIMULUS
# 18810001: [BASE] Done read task
# 18810001: [COMPARATOR] PASS at e8
# 18810001: [BASE] Start calling read task
# 18810001: [BASE] Start sending packet
# 18810002: [STIMULUS] Sent packet to driver
# 18810002: [DRIVER] Start getting packet from STIMULUS
# 18890001: [BASE] Done read task
# 18890001: [COMPARATOR] PASS at e9
# 18890001: [BASE] Start calling read task
# 18890001: [BASE] Start sending packet
# 18890002: [STIMULUS] Sent packet to driver
# 18890002: [DRIVER] Start getting packet from STIMULUS
# 18970001: [BASE] Done read task
# 18970001: [COMPARATOR] PASS at ea
# 18970001: [BASE] Start calling read task
# 18970001: [BASE] Start sending packet
# 18970002: [STIMULUS] Sent packet to driver
# 18970002: [DRIVER] Start getting packet from STIMULUS
# 19050001: [BASE] Done read task
# 19050001: [COMPARATOR] PASS at eb
# 19050001: [BASE] Start calling read task
# 19050001: [BASE] Start sending packet
# 19050002: [STIMULUS] Sent packet to driver
# 19050002: [DRIVER] Start getting packet from STIMULUS
# 19130001: [BASE] Done read task
# 19130001: [COMPARATOR] PASS at ec
# 19130001: [BASE] Start calling read task
# 19130001: [BASE] Start sending packet
# 19130002: [STIMULUS] Sent packet to driver
# 19130002: [DRIVER] Start getting packet from STIMULUS
# 19210001: [BASE] Done read task
# 19210001: [COMPARATOR] PASS at ed
# 19210001: [BASE] Start calling read task
# 19210001: [BASE] Start sending packet
# 19210002: [STIMULUS] Sent packet to driver
# 19210002: [DRIVER] Start getting packet from STIMULUS
# 19290001: [BASE] Done read task
# 19290001: [COMPARATOR] PASS at ee
# 19290001: [BASE] Start calling read task
# 19290001: [BASE] Start sending packet
# 19290002: [STIMULUS] Sent packet to driver
# 19290002: [DRIVER] Start getting packet from STIMULUS
# 19370001: [BASE] Done read task
# 19370001: [COMPARATOR] PASS at ef
# 19370001: [BASE] Start calling read task
# 19370001: [BASE] Start sending packet
# 19370002: [STIMULUS] Sent packet to driver
# 19370002: [DRIVER] Start getting packet from STIMULUS
# 19450001: [BASE] Done read task
# 19450001: [COMPARATOR] PASS at f0
# 19450001: [BASE] Start calling read task
# 19450001: [BASE] Start sending packet
# 19450002: [STIMULUS] Sent packet to driver
# 19450002: [DRIVER] Start getting packet from STIMULUS
# 19530001: [BASE] Done read task
# 19530001: [COMPARATOR] PASS at f1
# 19530001: [BASE] Start calling read task
# 19530001: [BASE] Start sending packet
# 19530002: [STIMULUS] Sent packet to driver
# 19530002: [DRIVER] Start getting packet from STIMULUS
# 19610001: [BASE] Done read task
# 19610001: [COMPARATOR] PASS at f2
# 19610001: [BASE] Start calling read task
# 19610001: [BASE] Start sending packet
# 19610002: [STIMULUS] Sent packet to driver
# 19610002: [DRIVER] Start getting packet from STIMULUS
# 19690001: [BASE] Done read task
# 19690001: [COMPARATOR] PASS at f3
# 19690001: [BASE] Start calling read task
# 19690001: [BASE] Start sending packet
# 19690002: [STIMULUS] Sent packet to driver
# 19690002: [DRIVER] Start getting packet from STIMULUS
# 19770001: [BASE] Done read task
# 19770001: [COMPARATOR] PASS at f4
# 19770001: [BASE] Start calling read task
# 19770001: [BASE] Start sending packet
# 19770002: [STIMULUS] Sent packet to driver
# 19770002: [DRIVER] Start getting packet from STIMULUS
# 19850001: [BASE] Done read task
# 19850001: [COMPARATOR] PASS at f5
# 19850001: [BASE] Start calling read task
# 19850001: [BASE] Start sending packet
# 19850002: [STIMULUS] Sent packet to driver
# 19850002: [DRIVER] Start getting packet from STIMULUS
# 19930001: [BASE] Done read task
# 19930001: [COMPARATOR] PASS at f6
# 19930001: [BASE] Start calling read task
# 19930001: [BASE] Start sending packet
# 19930002: [STIMULUS] Sent packet to driver
# 19930002: [DRIVER] Start getting packet from STIMULUS
# 20010001: [BASE] Done read task
# 20010001: [COMPARATOR] PASS at f7
# 20010001: [BASE] Start calling read task
# 20010001: [BASE] Start sending packet
# 20010002: [STIMULUS] Sent packet to driver
# 20010002: [DRIVER] Start getting packet from STIMULUS
# 20090001: [BASE] Done read task
# 20090001: [COMPARATOR] PASS at f8
# 20090001: [BASE] Start calling read task
# 20090001: [BASE] Start sending packet
# 20090002: [STIMULUS] Sent packet to driver
# 20090002: [DRIVER] Start getting packet from STIMULUS
# 20170001: [BASE] Done read task
# 20170001: [COMPARATOR] PASS at f9
# 20170001: [BASE] Start calling read task
# 20170001: [BASE] Start sending packet
# 20170002: [STIMULUS] Sent packet to driver
# 20170002: [DRIVER] Start getting packet from STIMULUS
# 20250001: [BASE] Done read task
# 20250001: [COMPARATOR] PASS at fa
# 20250001: [BASE] Start calling read task
# 20250001: [BASE] Start sending packet
# 20250002: [STIMULUS] Sent packet to driver
# 20250002: [DRIVER] Start getting packet from STIMULUS
# 20330001: [BASE] Done read task
# 20330001: [COMPARATOR] PASS at fb
# 20330001: [BASE] Start calling read task
# 20330001: [BASE] Start sending packet
# 20330002: [STIMULUS] Sent packet to driver
# 20330002: [DRIVER] Start getting packet from STIMULUS
# 20410001: [BASE] Done read task
# 20410001: [COMPARATOR] PASS at fc
# 20410001: [BASE] Start calling read task
# 20410001: [BASE] Start sending packet
# 20410002: [STIMULUS] Sent packet to driver
# 20410002: [DRIVER] Start getting packet from STIMULUS
# 20490001: [BASE] Done read task
# 20490001: [COMPARATOR] PASS at fd
# 20490001: [BASE] Start calling read task
# 20490001: [BASE] Start sending packet
# 20490002: [STIMULUS] Sent packet to driver
# 20490002: [DRIVER] Start getting packet from STIMULUS
# 20570001: [BASE] Done read task
# 20570001: [COMPARATOR] PASS at fe
# 20570001: [BASE] Start calling read task
# 20570001: [BASE] Start sending packet
# 20570002: [STIMULUS] Sent packet to driver
# 20570002: [DRIVER] Start getting packet from STIMULUS
# 20650001: [BASE] Done read task
# 20650001: [COMPARATOR] PASS at ff
# 1000101000: [TEST RESULT] TEST PASSED - All 254 tests passed
# 1000101000: [base_test] End simulation
# ** Note: $finish    : ../testcase/base_test.sv(35)
#    Time: 1000101 ns  Iteration: 0  Instance: /testbench
# Saving coverage database on exit...
# End time: 12:10:19 on Jun 14,2026, Elapsed time: 0:00:08
# Errors: 0, Warnings: 5
