# vsim -suppress 12110 -sv_seed 351542 -coverage -coveranalysis -debugDB -l std_cnt_351542.log -voptargs="+acc" -assertdebug -c testbench -do "coverage save -codeAll -cvg -onexit std_cnt.ucdb; log -r /*;run -all;" "+TESTNAME=std_cnt" 
# Start time: 12:10:32 on Jun 14,2026
# ** Warning: (vsim-8891) All optimizations are disabled because the -novopt option is in effect. This will cause your simulation to run very slowly. If you are using this switch to preserve visibility for Debug or PLI features, please see the User's Manual section on Preserving Object Visibility with vopt. -novopt option is now deprecated and will be removed in future releases.
# //  Questa Sim-64
# //  Version 10.7c win64 Aug 18 2018
# //
# //  Copyright 1991-2018 Mentor Graphics Corporation
# //  All Rights Reserved.
# //
# //  QuestaSim and its associated documentation contain trade
# //  secrets and commercial or financial information that are the property of
# //  Mentor Graphics Corporation and are privileged, confidential,
# //  and exempt from disclosure under the Freedom of Information Act,
# //  5 U.S.C. Section 552. Furthermore, this information
# //  is prohibited from disclosure under the Trade Secrets Act,
# //  18 U.S.C. Section 1905.
# //
# Loading sv_std.std
# Loading work.dut_if
# Loading work.timer_pkg
# Loading work.test_pkg
# Loading work.testbench
# Loading work.timer_top
# Loading work.APB_SLAVE
# Loading work.TCR
# Loading work.TSR
# Loading work.TDR
# Loading work.TIE
# Loading work.CLK_DIV
# Loading work.COUNTER
# Loading work.INTERRUPT
# ** Warning: (vsim-3839) Variable '/testbench/d_if/pslverr', driven via a port connection, is multiply driven. See ../tb/testbench.sv(9).
#    Time: 0 ps  Iteration: 0  Instance: /testbench/d_if File: ../tb/dut_interface.sv Line: 27
# ** Warning: (vsim-3839) Variable '/testbench/d_if/int_signal', driven via a port connection, is multiply driven. See ../tb/testbench.sv(9).
#    Time: 0 ps  Iteration: 0  Instance: /testbench/d_if File: ../tb/dut_interface.sv Line: 26
# ** Warning: (vsim-3839) Variable '/testbench/d_if/prdata', driven via a port connection, is multiply driven. See ../tb/testbench.sv(9).
#    Time: 0 ps  Iteration: 0  Instance: /testbench/d_if File: ../tb/dut_interface.sv Line: 25
# ** Warning: (vsim-3839) Variable '/testbench/d_if/pready', driven via a port connection, is multiply driven. See ../tb/testbench.sv(9).
#    Time: 0 ps  Iteration: 0  Instance: /testbench/d_if File: ../tb/dut_interface.sv Line: 24
# ** Note: (vsim-8900) Creating design debug database vsim.dbg.
# It appears vopt was not run with -debugdb option on this design.
# Advanced Causality and Schematic debug features will not be available.
# coverage save -codeAll -cvg -onexit std_cnt.ucdb
#  log -r /*
# run -all
# testname provided: std_cnt
# 101000: [ENV] Build environment
# 101000: [ENV] Start running environment
# 101000: [STIMULUS] Start running STIMULUS
# 101000: [SCOREBOARD] Start running SCOREBOARD
# ====TEST 1: standard counting up check====
# 103000: [BASE] Start calling write task
# 103000: [BASE] Start sending packet
# 103000: [STIMULUS] Sent packet to driver
# 103000: [DRIVER] Start getting packet from STIMULUS
# 170001: [BASE] Done write task
# 170001: [BASE] Start calling write task
# 170001: [BASE] Start sending packet
# 170002: [STIMULUS] Sent packet to driver
# 170002: [DRIVER] Start getting packet from STIMULUS
# 250001: [BASE] Done write task
# 250001: [std_cnt] TEST1: Started counting UP from t1=250001
# 1550000: [std_cnt] TEST1: Overflow interrupt asserted at t2=1550000
# 1550000: [std_cnt] PASS TEST 1: Counter interrupt timing is correct (delta=1299999 ns)
# 1550000: [BASE] Start calling write task
# 1550000: [BASE] Start sending packet
# 1550000: [STIMULUS] Sent packet to driver
# 1550000: [DRIVER] Start getting packet from STIMULUS
# 1630001: [BASE] Done write task
# ====TEST 2: standard counting down check====
# 1632001: [BASE] Start calling write task
# 1632001: [BASE] Start sending packet
# 1632001: [STIMULUS] Sent packet to driver
# 1632001: [DRIVER] Start getting packet from STIMULUS
# 1710001: [BASE] Done write task
# 1710001: [BASE] Start calling write task
# 1710001: [BASE] Start sending packet
# 1710002: [STIMULUS] Sent packet to driver
# 1710002: [DRIVER] Start getting packet from STIMULUS
# 1790001: [BASE] Done write task
# 1790001: [BASE] Start calling write task
# 1790001: [BASE] Start sending packet
# 1790002: [STIMULUS] Sent packet to driver
# 1790002: [DRIVER] Start getting packet from STIMULUS
# 1870001: [BASE] Done write task
# 1870001: [BASE] Start calling write task
# 1870001: [BASE] Start sending packet
# 1870002: [STIMULUS] Sent packet to driver
# 1870002: [DRIVER] Start getting packet from STIMULUS
# 1950001: [BASE] Done write task
# 1950001: [std_cnt] TEST2: Started counting DOWN from 0xFF at t1=1950001
# 3250000: [std_cnt] TEST2: Underflow interrupt asserted at t2=3250000
# 3250000: [std_cnt] PASS TEST 2: Counter interrupt timing is correct (delta=1299999 ns)
# 3250000: [BASE] Start calling write task
# 3250000: [BASE] Start sending packet
# 3250000: [STIMULUS] Sent packet to driver
# 3250000: [DRIVER] Start getting packet from STIMULUS
# 3330001: [BASE] Done write task
# ====TEST 3: count up from 100 check====
# 3332001: [BASE] Start calling write task
# 3332001: [BASE] Start sending packet
# 3332001: [STIMULUS] Sent packet to driver
# 3332001: [DRIVER] Start getting packet from STIMULUS
# 3410001: [BASE] Done write task
# 3410001: [BASE] Start calling write task
# 3410001: [BASE] Start sending packet
# 3410002: [STIMULUS] Sent packet to driver
# 3410002: [DRIVER] Start getting packet from STIMULUS
# 3490001: [BASE] Done write task
# 3490001: [BASE] Start calling write task
# 3490001: [BASE] Start sending packet
# 3490002: [STIMULUS] Sent packet to driver
# 3490002: [DRIVER] Start getting packet from STIMULUS
# 3570001: [BASE] Done write task
# 3570001: [BASE] Start calling write task
# 3570001: [BASE] Start sending packet
# 3570002: [STIMULUS] Sent packet to driver
# 3570002: [DRIVER] Start getting packet from STIMULUS
# 3650001: [BASE] Done write task
# 3650001: [std_cnt] TEST3: Started counting UP from 100 at t1=3650001
# 4450000: [std_cnt] TEST3: Overflow interrupt asserted at t2=4450000
# 4450000: [std_cnt] PASS TEST 3: Counter interrupt timing is correct (delta=799999 ns)
# 4450000: [BASE] Start calling write task
# 4450000: [BASE] Start sending packet
# 4450000: [STIMULUS] Sent packet to driver
# 4450000: [DRIVER] Start getting packet from STIMULUS
# 4530001: [BASE] Done write task
# ====TEST 4: count down from 100 check====
# 4532001: [BASE] Start calling write task
# 4532001: [BASE] Start sending packet
# 4532001: [STIMULUS] Sent packet to driver
# 4532001: [DRIVER] Start getting packet from STIMULUS
# 4610001: [BASE] Done write task
# 4610001: [BASE] Start calling write task
# 4610001: [BASE] Start sending packet
# 4610002: [STIMULUS] Sent packet to driver
# 4610002: [DRIVER] Start getting packet from STIMULUS
# 4690001: [BASE] Done write task
# 4690001: [BASE] Start calling write task
# 4690001: [BASE] Start sending packet
# 4690002: [STIMULUS] Sent packet to driver
# 4690002: [DRIVER] Start getting packet from STIMULUS
# 4770001: [BASE] Done write task
# 4770001: [BASE] Start calling write task
# 4770001: [BASE] Start sending packet
# 4770002: [STIMULUS] Sent packet to driver
# 4770002: [DRIVER] Start getting packet from STIMULUS
# 4850001: [BASE] Done write task
# 4850001: [std_cnt] TEST4: Started counting DOWN from 100 at t1=4850001
# 5370000: [std_cnt] TEST4: Underflow interrupt asserted at t2=5370000
# 5370000: [std_cnt] PASS TEST 4: Counter interrupt timing is correct (delta=519999 ns)
# 5370000: [BASE] Start calling write task
# 5370000: [BASE] Start sending packet
# 5370000: [STIMULUS] Sent packet to driver
# 5370000: [DRIVER] Start getting packet from STIMULUS
# 5450001: [BASE] Done write task
# 1000101000: [TEST RESULT] TEST PASSED - All 4 tests passed
# 1000101000: [base_test] End simulation
# ** Note: $finish    : ../testcase/base_test.sv(35)
#    Time: 1000101 ns  Iteration: 0  Instance: /testbench
# Saving coverage database on exit...
# End time: 12:10:34 on Jun 14,2026, Elapsed time: 0:00:02
# Errors: 0, Warnings: 5
