# vsim -suppress 12110 -sv_seed 368033 -coverage -coveranalysis -debugDB -l TSR_clr_368033.log -voptargs="+acc" -assertdebug -c testbench -do "coverage save -codeAll -cvg -onexit TSR_clr.ucdb; log -r /*;run -all;" "+TESTNAME=TSR_clr" 
# Start time: 12:10:05 on Jun 14,2026
# ** Warning: (vsim-8891) All optimizations are disabled because the -novopt option is in effect. This will cause your simulation to run very slowly. If you are using this switch to preserve visibility for Debug or PLI features, please see the User's Manual section on Preserving Object Visibility with vopt. -novopt option is now deprecated and will be removed in future releases.
# //  Questa Sim-64
# //  Version 10.7c win64 Aug 18 2018
# //
# //  Copyright 1991-2018 Mentor Graphics Corporation
# //  All Rights Reserved.
# //
# //  QuestaSim and its associated documentation contain trade
# //  secrets and commercial or financial information that are the property of
# //  Mentor Graphics Corporation and are privileged, confidential,
# //  and exempt from disclosure under the Freedom of Information Act,
# //  5 U.S.C. Section 552. Furthermore, this information
# //  is prohibited from disclosure under the Trade Secrets Act,
# //  18 U.S.C. Section 1905.
# //
# Loading sv_std.std
# Loading work.dut_if
# Loading work.timer_pkg
# Loading work.test_pkg
# Loading work.testbench
# Loading work.timer_top
# Loading work.APB_SLAVE
# Loading work.TCR
# Loading work.TSR
# Loading work.TDR
# Loading work.TIE
# Loading work.CLK_DIV
# Loading work.COUNTER
# Loading work.INTERRUPT
# ** Warning: (vsim-3839) Variable '/testbench/d_if/pslverr', driven via a port connection, is multiply driven. See ../tb/testbench.sv(9).
#    Time: 0 ps  Iteration: 0  Instance: /testbench/d_if File: ../tb/dut_interface.sv Line: 27
# ** Warning: (vsim-3839) Variable '/testbench/d_if/int_signal', driven via a port connection, is multiply driven. See ../tb/testbench.sv(9).
#    Time: 0 ps  Iteration: 0  Instance: /testbench/d_if File: ../tb/dut_interface.sv Line: 26
# ** Warning: (vsim-3839) Variable '/testbench/d_if/prdata', driven via a port connection, is multiply driven. See ../tb/testbench.sv(9).
#    Time: 0 ps  Iteration: 0  Instance: /testbench/d_if File: ../tb/dut_interface.sv Line: 25
# ** Warning: (vsim-3839) Variable '/testbench/d_if/pready', driven via a port connection, is multiply driven. See ../tb/testbench.sv(9).
#    Time: 0 ps  Iteration: 0  Instance: /testbench/d_if File: ../tb/dut_interface.sv Line: 24
# ** Note: (vsim-8900) Creating design debug database vsim.dbg.
# It appears vopt was not run with -debugdb option on this design.
# Advanced Causality and Schematic debug features will not be available.
# coverage save -codeAll -cvg -onexit TSR_clr.ucdb
#  log -r /*
# run -all
# testname provided: TSR_clr
# 101000: [ENV] Build environment
# 101000: [ENV] Start running environment
# 101000: [STIMULUS] Start running STIMULUS
# 101000: [SCOREBOARD] Start running SCOREBOARD
# ===========================
# ======TSR_clr CHECK========
# ===========================
# 101040: [BASE] Start calling write task
# 101040: [BASE] Start sending packet
# 101040: [STIMULUS] Sent packet to driver
# 101040: [DRIVER] Start getting packet from STIMULUS
# 170001: [BASE] Done write task
# 170001: [BASE] Start calling write task
# 170001: [BASE] Start sending packet
# 170002: [STIMULUS] Sent packet to driver
# 170002: [DRIVER] Start getting packet from STIMULUS
# 250001: [BASE] Done write task
# 280000: [BASE] Start calling write task
# 280000: [BASE] Start sending packet
# 280000: [STIMULUS] Sent packet to driver
# 280000: [DRIVER] Start getting packet from STIMULUS
# 350001: [BASE] Done write task
# 350001: [BASE] Start calling write task
# 350001: [BASE] Start sending packet
# 350002: [STIMULUS] Sent packet to driver
# 350002: [DRIVER] Start getting packet from STIMULUS
# 430001: [BASE] Done write task
# 430001: [BASE] Start calling write task
# 430001: [BASE] Start sending packet
# 430002: [STIMULUS] Sent packet to driver
# 430002: [DRIVER] Start getting packet from STIMULUS
# 510001: [BASE] Done write task
# 630000: [BASE] Start calling write task
# 630000: [BASE] Start sending packet
# 630000: [STIMULUS] Sent packet to driver
# 630000: [DRIVER] Start getting packet from STIMULUS
# 710001: [BASE] Done write task
# 710001: [BASE] Start calling write task
# 710001: [BASE] Start sending packet
# 710002: [STIMULUS] Sent packet to driver
# 710002: [DRIVER] Start getting packet from STIMULUS
# 790001: [BASE] Done write task
# 2070000: [BASE] Start calling write task
# 2070000: [BASE] Start sending packet
# 2070000: [STIMULUS] Sent packet to driver
# 2070000: [DRIVER] Start getting packet from STIMULUS
# 2150001: [BASE] Done write task
# 2150001: [BASE] Start calling read task
# 2150001: [BASE] Start sending packet
# 2150002: [STIMULUS] Sent packet to driver
# 2150002: [DRIVER] Start getting packet from STIMULUS
# 2230001: [BASE] Done read task
# 2230001: [COMPARATOR] PASS at 1
# 2230001: [BASE] Start calling write task
# 2230001: [BASE] Start sending packet
# 2230002: [STIMULUS] Sent packet to driver
# 2230002: [DRIVER] Start getting packet from STIMULUS
# 2310001: [BASE] Done write task
# 2310001: [BASE] Start calling read task
# 2310001: [BASE] Start sending packet
# 2310002: [STIMULUS] Sent packet to driver
# 2310002: [DRIVER] Start getting packet from STIMULUS
# 2390001: [BASE] Done read task
# 2390001: [COMPARATOR] PASS at 1
# 2390001: [BASE] Start calling write task
# 2390001: [BASE] Start sending packet
# 2390002: [STIMULUS] Sent packet to driver
# 2390002: [DRIVER] Start getting packet from STIMULUS
# 2470001: [BASE] Done write task
# 2470001: [BASE] Start calling read task
# 2470001: [BASE] Start sending packet
# 2470002: [STIMULUS] Sent packet to driver
# 2470002: [DRIVER] Start getting packet from STIMULUS
# 2550001: [BASE] Done read task
# 2550001: [COMPARATOR] PASS at 1
# 1000101000: [TEST RESULT] TEST PASSED - All 3 tests passed
# 1000101000: [base_test] End simulation
# ** Note: $finish    : ../testcase/base_test.sv(35)
#    Time: 1000101 ns  Iteration: 0  Instance: /testbench
# Saving coverage database on exit...
# End time: 12:10:06 on Jun 14,2026, Elapsed time: 0:00:01
# Errors: 0, Warnings: 5
