QuestaSim-64 vlog 10.7c Compiler 2018.08 Aug 18 2018
Start time: 13:53:15 on Jun 13,2026
vlog -coveropt 3 "+cover=bcestf" -sv -f compile.f 
-- Compiling module APB_SLAVE
-- Compiling module CLK_DIV
-- Compiling module COUNTER
-- Compiling module INTERRUPT
-- Compiling module TCR
-- Compiling module TSR
-- Compiling module TDR
-- Compiling module TIE
-- Compiling module timer_top
-- Compiling interface dut_if
-- Compiling package timer_pkg
-- Compiling package test_pkg
-- Importing package timer_pkg
-- Compiling module testbench
-- Importing package test_pkg

Top level modules:
	testbench
End time: 13:53:15 on Jun 13,2026, Elapsed time: 0:00:00
Errors: 0, Warnings: 0
